###############################################################################
#                                                                             #
# IAR C/C++ Compiler V8.10.1.10194/W32 for 8051         07/Apr/2020  22:48:23 #
# Copyright 2004-2011 IAR Systems AB.                                         #
#                                                                             #
#    Core               =  plain                                              #
#    Code model         =  banked                                             #
#    Data model         =  large                                              #
#    Calling convention =  xdata reentrant                                    #
#    Constant location  =  data_rom                                           #
#    Dptr setup         =  1,16                                               #
#    Source file        =  C:\Texas Instruments\ZStack-CC2530-2.3.0-1.4.0\Pro #
#                          jects\zstack\Samples\SampleApp _02\Source\beep.c   #
#    Command line       =  -f "C:\Texas Instruments\ZStack-CC2530-2.3.0-1.4.0 #
#                          \Projects\zstack\Samples\SampleApp                 #
#                          _02\CC2530DB\..\..\..\Tools\CC2530DB\f8wEndev.cfg" #
#                           (-DCPU32MHZ -DROOT=__near_func -DBLINK_LEDS) -f   #
#                          "C:\Texas Instruments\ZStack-CC2530-2.3.0-1.4.0\Pr #
#                          ojects\zstack\Samples\SampleApp                    #
#                          _02\CC2530DB\..\..\..\Tools\CC2530DB\f8wConfig.cfg #
#                          " (-DSECURE=0 -DZG_SECURE_DYNAMIC=0 -DREFLECTOR    #
#                          -DDEFAULT_CHANLIST=0x00000800                      #
#                          -DZDAPP_CONFIG_PAN_ID=0xFFFF                       #
#                          -DNWK_START_DELAY=100 -DEXTENDED_JOINING_RANDOM_MA #
#                          SK=0x007F -DBEACON_REQUEST_DELAY=100               #
#                          -DBEACON_REQ_DELAY_MASK=0x00FF                     #
#                          -DROUTE_EXPIRY_TIME=30 -DAPSC_ACK_WAIT_DURATION_PO #
#                          LLED=3000 -DNWK_INDIRECT_MSG_TIMEOUT=7             #
#                          -DMAX_RREQ_ENTRIES=8 -DAPSC_MAX_FRAME_RETRIES=3    #
#                          -DNWK_MAX_DATA_RETRIES=2                           #
#                          -DMAX_POLL_FAILURE_RETRIES=2 -DMAX_BCAST=9         #
#                          -DAPS_MAX_GROUPS=16 -DMAX_RTG_ENTRIES=40           #
#                          -DNWK_MAX_BINDING_ENTRIES=4                        #
#                          -DMAX_BINDING_CLUSTER_IDS=4 "-DDEFAULT_KEY={0x01,  #
#                          0x03, 0x05, 0x07, 0x09, 0x0B, 0x0D, 0x0F, 0x00,    #
#                          0x02, 0x04, 0x06, 0x08, 0x0A, 0x0C, 0x0D}"         #
#                          -DMAC_MAX_FRAME_SIZE=116 "-DCONST=const __code"    #
#                          -DGENERIC=__generic -DRFD_RCVC_ALWAYS_ON=FALSE     #
#                          -DPOLL_RATE=1000 -DQUEUED_POLL_RATE=100            #
#                          -DRESPONSE_POLL_RATE=100) -DREJOIN_POLL_RATE=440   #
#                          "C:\Texas Instruments\ZStack-CC2530-2.3.0-1.4.0\Pr #
#                          ojects\zstack\Samples\SampleApp                    #
#                          _02\Source\beep.c" -D NWK_AUTO_POLL -D ZTOOL_P1    #
#                          -D MT_TASK -D MT_SYS_FUNC -D MT_ZDO_FUNC -D        #
#                          LCD_SUPPORTED=DEBUG -lC "C:\Texas                  #
#                          Instruments\ZStack-CC2530-2.3.0-1.4.0\Projects\zst #
#                          ack\Samples\SampleApp _02\CC2530DB\EndDeviceEB\Lis #
#                          t\" -lA "C:\Texas Instruments\ZStack-CC2530-2.3.0- #
#                          1.4.0\Projects\zstack\Samples\SampleApp            #
#                          _02\CC2530DB\EndDeviceEB\List\" --diag_suppress    #
#                          Pe001,Pa010 -o "C:\Texas                           #
#                          Instruments\ZStack-CC2530-2.3.0-1.4.0\Projects\zst #
#                          ack\Samples\SampleApp _02\CC2530DB\EndDeviceEB\Obj #
#                          \" -e --debug --core=plain --dptr=16,1             #
#                          --data_model=large --code_model=banked             #
#                          --calling_convention=xdata_reentrant               #
#                          --place_constants=data_rom --nr_virtual_regs 16    #
#                          -I "C:\Texas Instruments\ZStack-CC2530-2.3.0-1.4.0 #
#                          \Projects\zstack\Samples\SampleApp _02\CC2530DB\"  #
#                          -I "C:\Texas Instruments\ZStack-CC2530-2.3.0-1.4.0 #
#                          \Projects\zstack\Samples\SampleApp                 #
#                          _02\CC2530DB\..\SOURCE\" -I "C:\Texas              #
#                          Instruments\ZStack-CC2530-2.3.0-1.4.0\Projects\zst #
#                          ack\Samples\SampleApp _02\CC2530DB\..\..\..\ZMAIN\ #
#                          TI2530DB\" -I "C:\Texas Instruments\ZStack-CC2530- #
#                          2.3.0-1.4.0\Projects\zstack\Samples\SampleApp      #
#                          _02\CC2530DB\..\..\..\..\..\COMPONENTS\MT\" -I     #
#                          "C:\Texas Instruments\ZStack-CC2530-2.3.0-1.4.0\Pr #
#                          ojects\zstack\Samples\SampleApp                    #
#                          _02\CC2530DB\..\..\..\..\..\COMPONENTS\HAL\INCLUDE #
#                          \" -I "C:\Texas Instruments\ZStack-CC2530-2.3.0-1. #
#                          4.0\Projects\zstack\Samples\SampleApp              #
#                          _02\CC2530DB\..\..\..\..\..\COMPONENTS\HAL\TARGET\ #
#                          CC2530EB\" -I "C:\Texas Instruments\ZStack-CC2530- #
#                          2.3.0-1.4.0\Projects\zstack\Samples\SampleApp      #
#                          _02\CC2530DB\..\..\..\..\..\COMPONENTS\OSAL\MCU\CC #
#                          SOC\" -I "C:\Texas Instruments\ZStack-CC2530-2.3.0 #
#                          -1.4.0\Projects\zstack\Samples\SampleApp           #
#                          _02\CC2530DB\..\..\..\..\..\COMPONENTS\OSAL\INCLUD #
#                          E\" -I "C:\Texas Instruments\ZStack-CC2530-2.3.0-1 #
#                          .4.0\Projects\zstack\Samples\SampleApp             #
#                          _02\CC2530DB\..\..\..\..\..\COMPONENTS\STACK\AF\"  #
#                          -I "C:\Texas Instruments\ZStack-CC2530-2.3.0-1.4.0 #
#                          \Projects\zstack\Samples\SampleApp                 #
#                          _02\CC2530DB\..\..\..\..\..\COMPONENTS\STACK\NWK\" #
#                           -I "C:\Texas Instruments\ZStack-CC2530-2.3.0-1.4. #
#                          0\Projects\zstack\Samples\SampleApp                #
#                          _02\CC2530DB\..\..\..\..\..\COMPONENTS\STACK\SEC\" #
#                           -I "C:\Texas Instruments\ZStack-CC2530-2.3.0-1.4. #
#                          0\Projects\zstack\Samples\SampleApp                #
#                          _02\CC2530DB\..\..\..\..\..\COMPONENTS\STACK\SAPI\ #
#                          " -I "C:\Texas Instruments\ZStack-CC2530-2.3.0-1.4 #
#                          .0\Projects\zstack\Samples\SampleApp               #
#                          _02\CC2530DB\..\..\..\..\..\COMPONENTS\STACK\SYS\" #
#                           -I "C:\Texas Instruments\ZStack-CC2530-2.3.0-1.4. #
#                          0\Projects\zstack\Samples\SampleApp                #
#                          _02\CC2530DB\..\..\..\..\..\COMPONENTS\STACK\ZDO\" #
#                           -I "C:\Texas Instruments\ZStack-CC2530-2.3.0-1.4. #
#                          0\Projects\zstack\Samples\SampleApp                #
#                          _02\CC2530DB\..\..\..\..\..\COMPONENTS\ZMAC\F8W\"  #
#                          -I "C:\Texas Instruments\ZStack-CC2530-2.3.0-1.4.0 #
#                          \Projects\zstack\Samples\SampleApp                 #
#                          _02\CC2530DB\..\..\..\..\..\COMPONENTS\ZMAC\" -I   #
#                          "C:\Texas Instruments\ZStack-CC2530-2.3.0-1.4.0\Pr #
#                          ojects\zstack\Samples\SampleApp                    #
#                          _02\CC2530DB\..\..\..\..\..\COMPONENTS\SERVICES\SA #
#                          DDR\" -I "C:\Texas Instruments\ZStack-CC2530-2.3.0 #
#                          -1.4.0\Projects\zstack\Samples\SampleApp           #
#                          _02\CC2530DB\..\..\..\..\..\COMPONENTS\SERVICES\SD #
#                          ATA\" -I "C:\Texas Instruments\ZStack-CC2530-2.3.0 #
#                          -1.4.0\Projects\zstack\Samples\SampleApp           #
#                          _02\CC2530DB\..\..\..\..\..\COMPONENTS\MAC\INCLUDE #
#                          \" -I "C:\Texas Instruments\ZStack-CC2530-2.3.0-1. #
#                          4.0\Projects\zstack\Samples\SampleApp              #
#                          _02\CC2530DB\..\..\..\..\..\COMPONENTS\MAC\HIGH_LE #
#                          VEL\" -I "C:\Texas Instruments\ZStack-CC2530-2.3.0 #
#                          -1.4.0\Projects\zstack\Samples\SampleApp           #
#                          _02\CC2530DB\..\..\..\..\..\COMPONENTS\MAC\LOW_LEV #
#                          EL\srf04\" -I "C:\Texas Instruments\ZStack-CC2530- #
#                          2.3.0-1.4.0\Projects\zstack\Samples\SampleApp      #
#                          _02\CC2530DB\..\..\..\..\..\COMPONENTS\MAC\LOW_LEV #
#                          EL\srf04\SINGLE_CHIP\" -Ohz                        #
#    List file          =  C:\Texas Instruments\ZStack-CC2530-2.3.0-1.4.0\Pro #
#                          jects\zstack\Samples\SampleApp                     #
#                          _02\CC2530DB\EndDeviceEB\List\beep.lst             #
#    Object file        =  C:\Texas Instruments\ZStack-CC2530-2.3.0-1.4.0\Pro #
#                          jects\zstack\Samples\SampleApp                     #
#                          _02\CC2530DB\EndDeviceEB\Obj\beep.r51              #
#                                                                             #
#                                                                             #
###############################################################################

C:\Texas Instruments\ZStack-CC2530-2.3.0-1.4.0\Projects\zstack\Samples\SampleApp _02\Source\beep.c
      1          #include "Beep.H"

   \                                 In  segment SFR_AN, at 0x90
   \   union <unnamed> volatile __sfr _A_P1
   \                     _A_P1:
   \   000000                DS 1

   \                                 In  segment SFR_AN, at 0xf4
   \   unsigned char volatile __sfr P1SEL
   \                     P1SEL:
   \   000000                DS 1

   \                                 In  segment SFR_AN, at 0xfe
   \   unsigned char volatile __sfr P1DIR
   \                     P1DIR:
   \   000000                DS 1
      2          
      3          void ControlB(int flag);
      4          
      5          

   \                                 In  segment BANKED_CODE, align 1, keep-with-next
      6          void InitBeep(void){
   \                     InitBeep:
   \   000000                ; Saved register size: 0
   \   000000                ; Auto size: 0
      7              //P1DIR |= 0x20;    
      8              //P1SEL &= ~0x20; 
      9              P1DIR |= 0x02;    
   \   000000   43FE02       ORL     0xfe,#0x2
     10              P1SEL &= ~0x02;
   \   000003   53F4FD       ANL     0xf4,#0xfd
     11          }
   \   000006   02....       LJMP    ?BRET
   \   000009                REQUIRE P1DIR
   \   000009                REQUIRE P1SEL
     12          

   \                                 In  segment BANKED_CODE, align 1, keep-with-next
     13          void ControlB(int flag){ 
   \                     ControlB:
   \   000000   74F7         MOV     A,#-0x9
   \   000002   12....       LCALL   ?BANKED_ENTER_XDATA
   \   000005                ; Saved register size: 9
   \   000005                ; Auto size: 0
   \   000005   EA           MOV     A,R2
   \   000006   FE           MOV     R6,A
   \   000007   EB           MOV     A,R3
   \   000008   FF           MOV     R7,A
     14              InitBeep();
   \   000009                ; Setup parameters for call to function InitBeep
   \   000009   12....       LCALL   ??InitBeep?relay
     15              if(flag == BEEP_ON_){   
   \   00000C   EE           MOV     A,R6
   \   00000D   4F           ORL     A,R7
   \   00000E   7004         JNZ     ??ControlB_0
     16                  BEEP_PIN = BEEP_ON_;     
   \   000010   C291         CLR     0x90.1
   \   000012   800A         SJMP    ??ControlB_1
     17              }else if(flag == BEEP_OFF_){
   \                     ??ControlB_0:
   \   000014   7401         MOV     A,#0x1
   \   000016   6E           XRL     A,R6
   \   000017   7001         JNZ     ??ControlB_2
   \   000019   EF           MOV     A,R7
   \                     ??ControlB_2:
   \   00001A   7002         JNZ     ??ControlB_1
     18                 BEEP_PIN = BEEP_OFF_;
   \   00001C   D291         SETB    0x90.1
     19              }
     20            
     21          }
   \                     ??ControlB_1:
   \   00001E   7F01         MOV     R7,#0x1
   \   000020   02....       LJMP    ?BANKED_LEAVE_XDATA
   \   000023                REQUIRE _A_P1

   \                                 In  segment BANK_RELAYS, align 1
   \                     ??InitBeep?relay:
   \   000000   12....       LCALL   ?BDISPATCH
   \   000003   ......       DC24    InitBeep

   \                                 In  segment BANK_RELAYS, align 1
   \                     ??ControlB?relay:
   \   000000   12....       LCALL   ?BDISPATCH
   \   000003   ......       DC24    ControlB

   Maximum stack usage in bytes:

     Function      ISTACK PSTACK XSTACK
     --------      ------ ------ ------
     ControlB          0      0      9
       -> InitBeep     0      0     18
     InitBeep          0      0      9


   Segment part sizes:

     Function/Label   Bytes
     --------------   -----
     _A_P1               1
     P1SEL               1
     P1DIR               1
     InitBeep            9
     ControlB           35
     ??InitBeep?relay    6
     ??ControlB?relay    6

 
 44 bytes in segment BANKED_CODE
 12 bytes in segment BANK_RELAYS
  3 bytes in segment SFR_AN
 
 56 bytes of CODE memory
  0 bytes of DATA memory (+ 3 bytes shared)

Errors: none
Warnings: none
