###############################################################################
#                                                                             #
# IAR C/C++ Compiler V8.10.1.10194/W32 for 8051         03/May/2020  22:33:37 #
# Copyright 2004-2011 IAR Systems AB.                                         #
#                                                                             #
#    Core               =  plain                                              #
#    Code model         =  banked                                             #
#    Data model         =  large                                              #
#    Calling convention =  xdata reentrant                                    #
#    Constant location  =  data_rom                                           #
#    Dptr setup         =  1,16                                               #
#    Source file        =  C:\Texas Instruments\ZStack-CC2530-2.3.0-1.4.0\Pro #
#                          jects\zstack\Samples\SampleApp                     #
#                          _02\Source\SampleApp.c                             #
#    Command line       =  -f "C:\Texas Instruments\ZStack-CC2530-2.3.0-1.4.0 #
#                          \Projects\zstack\Samples\SampleApp                 #
#                          _02\CC2530DB\..\..\..\Tools\CC2530DB\f8wCoord.cfg" #
#                           (-DCPU32MHZ -DROOT=__near_func                    #
#                          -DMAC_CFG_APP_PENDING_QUEUE=TRUE                   #
#                          -DZDO_COORDINATOR -DRTR_NWK -DBLINK_LEDS) -f       #
#                          "C:\Texas Instruments\ZStack-CC2530-2.3.0-1.4.0\Pr #
#                          ojects\zstack\Samples\SampleApp                    #
#                          _02\CC2530DB\..\..\..\Tools\CC2530DB\f8wConfig.cfg #
#                          " (-DSECURE=0 -DZG_SECURE_DYNAMIC=0 -DREFLECTOR    #
#                          -DDEFAULT_CHANLIST=0x00000800                      #
#                          -DZDAPP_CONFIG_PAN_ID=0xFFFF                       #
#                          -DNWK_START_DELAY=100 -DEXTENDED_JOINING_RANDOM_MA #
#                          SK=0x007F -DBEACON_REQUEST_DELAY=100               #
#                          -DBEACON_REQ_DELAY_MASK=0x00FF                     #
#                          -DROUTE_EXPIRY_TIME=30 -DAPSC_ACK_WAIT_DURATION_PO #
#                          LLED=3000 -DNWK_INDIRECT_MSG_TIMEOUT=7             #
#                          -DMAX_RREQ_ENTRIES=8 -DAPSC_MAX_FRAME_RETRIES=3    #
#                          -DNWK_MAX_DATA_RETRIES=2                           #
#                          -DMAX_POLL_FAILURE_RETRIES=2 -DMAX_BCAST=9         #
#                          -DAPS_MAX_GROUPS=16 -DMAX_RTG_ENTRIES=40           #
#                          -DNWK_MAX_BINDING_ENTRIES=4                        #
#                          -DMAX_BINDING_CLUSTER_IDS=4 "-DDEFAULT_KEY={0x01,  #
#                          0x03, 0x05, 0x07, 0x09, 0x0B, 0x0D, 0x0F, 0x00,    #
#                          0x02, 0x04, 0x06, 0x08, 0x0A, 0x0C, 0x0D}"         #
#                          -DMAC_MAX_FRAME_SIZE=116 "-DCONST=const __code"    #
#                          -DGENERIC=__generic -DRFD_RCVC_ALWAYS_ON=FALSE     #
#                          -DPOLL_RATE=1000 -DQUEUED_POLL_RATE=100            #
#                          -DRESPONSE_POLL_RATE=100) -DREJOIN_POLL_RATE=440   #
#                          "C:\Texas Instruments\ZStack-CC2530-2.3.0-1.4.0\Pr #
#                          ojects\zstack\Samples\SampleApp                    #
#                          _02\Source\SampleApp.c" -D ZTOOL_P1 -D xMT_TASK    #
#                          -D xMT_SYS_FUNC -D xMT_ZDO_FUNC -D                 #
#                          xLCD_SUPPORTED=DEBUG -lC "C:\Texas                 #
#                          Instruments\ZStack-CC2530-2.3.0-1.4.0\Projects\zst #
#                          ack\Samples\SampleApp _02\CC2530DB\CoordinatorEB\L #
#                          ist\" -lA "C:\Texas Instruments\ZStack-CC2530-2.3. #
#                          0-1.4.0\Projects\zstack\Samples\SampleApp          #
#                          _02\CC2530DB\CoordinatorEB\List\" --diag_suppress  #
#                          Pe001,Pa010 -o "C:\Texas                           #
#                          Instruments\ZStack-CC2530-2.3.0-1.4.0\Projects\zst #
#                          ack\Samples\SampleApp _02\CC2530DB\CoordinatorEB\O #
#                          bj\" -e --debug --core=plain --dptr=16,1           #
#                          --data_model=large --code_model=banked             #
#                          --calling_convention=xdata_reentrant               #
#                          --place_constants=data_rom --nr_virtual_regs 16    #
#                          -I "C:\Texas Instruments\ZStack-CC2530-2.3.0-1.4.0 #
#                          \Projects\zstack\Samples\SampleApp _02\CC2530DB\"  #
#                          -I "C:\Texas Instruments\ZStack-CC2530-2.3.0-1.4.0 #
#                          \Projects\zstack\Samples\SampleApp                 #
#                          _02\CC2530DB\..\SOURCE\" -I "C:\Texas              #
#                          Instruments\ZStack-CC2530-2.3.0-1.4.0\Projects\zst #
#                          ack\Samples\SampleApp _02\CC2530DB\..\..\..\ZMAIN\ #
#                          TI2530DB\" -I "C:\Texas Instruments\ZStack-CC2530- #
#                          2.3.0-1.4.0\Projects\zstack\Samples\SampleApp      #
#                          _02\CC2530DB\..\..\..\..\..\COMPONENTS\MT\" -I     #
#                          "C:\Texas Instruments\ZStack-CC2530-2.3.0-1.4.0\Pr #
#                          ojects\zstack\Samples\SampleApp                    #
#                          _02\CC2530DB\..\..\..\..\..\COMPONENTS\HAL\INCLUDE #
#                          \" -I "C:\Texas Instruments\ZStack-CC2530-2.3.0-1. #
#                          4.0\Projects\zstack\Samples\SampleApp              #
#                          _02\CC2530DB\..\..\..\..\..\COMPONENTS\HAL\TARGET\ #
#                          CC2530EB\" -I "C:\Texas Instruments\ZStack-CC2530- #
#                          2.3.0-1.4.0\Projects\zstack\Samples\SampleApp      #
#                          _02\CC2530DB\..\..\..\..\..\COMPONENTS\OSAL\MCU\CC #
#                          SOC\" -I "C:\Texas Instruments\ZStack-CC2530-2.3.0 #
#                          -1.4.0\Projects\zstack\Samples\SampleApp           #
#                          _02\CC2530DB\..\..\..\..\..\COMPONENTS\OSAL\INCLUD #
#                          E\" -I "C:\Texas Instruments\ZStack-CC2530-2.3.0-1 #
#                          .4.0\Projects\zstack\Samples\SampleApp             #
#                          _02\CC2530DB\..\..\..\..\..\COMPONENTS\STACK\AF\"  #
#                          -I "C:\Texas Instruments\ZStack-CC2530-2.3.0-1.4.0 #
#                          \Projects\zstack\Samples\SampleApp                 #
#                          _02\CC2530DB\..\..\..\..\..\COMPONENTS\STACK\NWK\" #
#                           -I "C:\Texas Instruments\ZStack-CC2530-2.3.0-1.4. #
#                          0\Projects\zstack\Samples\SampleApp                #
#                          _02\CC2530DB\..\..\..\..\..\COMPONENTS\STACK\SEC\" #
#                           -I "C:\Texas Instruments\ZStack-CC2530-2.3.0-1.4. #
#                          0\Projects\zstack\Samples\SampleApp                #
#                          _02\CC2530DB\..\..\..\..\..\COMPONENTS\STACK\SAPI\ #
#                          " -I "C:\Texas Instruments\ZStack-CC2530-2.3.0-1.4 #
#                          .0\Projects\zstack\Samples\SampleApp               #
#                          _02\CC2530DB\..\..\..\..\..\COMPONENTS\STACK\SYS\" #
#                           -I "C:\Texas Instruments\ZStack-CC2530-2.3.0-1.4. #
#                          0\Projects\zstack\Samples\SampleApp                #
#                          _02\CC2530DB\..\..\..\..\..\COMPONENTS\STACK\ZDO\" #
#                           -I "C:\Texas Instruments\ZStack-CC2530-2.3.0-1.4. #
#                          0\Projects\zstack\Samples\SampleApp                #
#                          _02\CC2530DB\..\..\..\..\..\COMPONENTS\ZMAC\F8W\"  #
#                          -I "C:\Texas Instruments\ZStack-CC2530-2.3.0-1.4.0 #
#                          \Projects\zstack\Samples\SampleApp                 #
#                          _02\CC2530DB\..\..\..\..\..\COMPONENTS\ZMAC\" -I   #
#                          "C:\Texas Instruments\ZStack-CC2530-2.3.0-1.4.0\Pr #
#                          ojects\zstack\Samples\SampleApp                    #
#                          _02\CC2530DB\..\..\..\..\..\COMPONENTS\SERVICES\SA #
#                          DDR\" -I "C:\Texas Instruments\ZStack-CC2530-2.3.0 #
#                          -1.4.0\Projects\zstack\Samples\SampleApp           #
#                          _02\CC2530DB\..\..\..\..\..\COMPONENTS\SERVICES\SD #
#                          ATA\" -I "C:\Texas Instruments\ZStack-CC2530-2.3.0 #
#                          -1.4.0\Projects\zstack\Samples\SampleApp           #
#                          _02\CC2530DB\..\..\..\..\..\COMPONENTS\MAC\INCLUDE #
#                          \" -I "C:\Texas Instruments\ZStack-CC2530-2.3.0-1. #
#                          4.0\Projects\zstack\Samples\SampleApp              #
#                          _02\CC2530DB\..\..\..\..\..\COMPONENTS\MAC\HIGH_LE #
#                          VEL\" -I "C:\Texas Instruments\ZStack-CC2530-2.3.0 #
#                          -1.4.0\Projects\zstack\Samples\SampleApp           #
#                          _02\CC2530DB\..\..\..\..\..\COMPONENTS\MAC\LOW_LEV #
#                          EL\srf04\" -I "C:\Texas Instruments\ZStack-CC2530- #
#                          2.3.0-1.4.0\Projects\zstack\Samples\SampleApp      #
#                          _02\CC2530DB\..\..\..\..\..\COMPONENTS\MAC\LOW_LEV #
#                          EL\srf04\SINGLE_CHIP\" -Ohz                        #
#    List file          =  C:\Texas Instruments\ZStack-CC2530-2.3.0-1.4.0\Pro #
#                          jects\zstack\Samples\SampleApp                     #
#                          _02\CC2530DB\CoordinatorEB\List\SampleApp.lst      #
#    Object file        =  C:\Texas Instruments\ZStack-CC2530-2.3.0-1.4.0\Pro #
#                          jects\zstack\Samples\SampleApp                     #
#                          _02\CC2530DB\CoordinatorEB\Obj\SampleApp.r51       #
#                                                                             #
#                                                                             #
###############################################################################

C:\Texas Instruments\ZStack-CC2530-2.3.0-1.4.0\Projects\zstack\Samples\SampleApp _02\Source\SampleApp.c
      1          /**************************************************************************************************
      2            Filename:       SampleApp.c
      3            Revised:        $Date: 2009-03-18 15:56:27 -0700 (Wed, 18 Mar 2009) $
      4            Revision:       $Revision: 19453 $
      5          
      6            Description:    Sample Application (no Profile).
      7          
      8          
      9            Copyright 2007 Texas Instruments Incorporated. All rights reserved.
     10          
     11            IMPORTANT: Your use of this Software is limited to those specific rights
     12            granted under the terms of a software license agreement between the user
     13            who downloaded the software, his/her employer (which must be your employer)
     14            and Texas Instruments Incorporated (the "License").  You may not use this
     15            Software unless you agree to abide by the terms of the License. The License
     16            limits your use, and you acknowledge, that the Software may not be modified,
     17            copied or distributed unless embedded on a Texas Instruments microcontroller
     18            or used solely and exclusively in conjunction with a Texas Instruments radio
     19            frequency transceiver, which is integrated into your product.  Other than for
     20            the foregoing purpose, you may not use, reproduce, copy, prepare derivative
     21            works of, modify, distribute, perform, display or sell this Software and/or
     22            its documentation for any purpose.
     23          
     24            YOU FURTHER ACKNOWLEDGE AND AGREE THAT THE SOFTWARE AND DOCUMENTATION ARE
     25            PROVIDED AS IS?WITHOUT WARRANTY OF ANY KIND, EITHER EXPRESS OR IMPLIED,
     26            INCLUDING WITHOUT LIMITATION, ANY WARRANTY OF MERCHANTABILITY, TITLE,
     27            NON-INFRINGEMENT AND FITNESS FOR A PARTICULAR PURPOSE. IN NO EVENT SHALL
     28            TEXAS INSTRUMENTS OR ITS LICENSORS BE LIABLE OR OBLIGATED UNDER CONTRACT,
     29            NEGLIGENCE, STRICT LIABILITY, CONTRIBUTION, BREACH OF WARRANTY, OR OTHER
     30            LEGAL EQUITABLE THEORY ANY DIRECT OR INDIRECT DAMAGES OR EXPENSES
     31            INCLUDING BUT NOT LIMITED TO ANY INCIDENTAL, SPECIAL, INDIRECT, PUNITIVE
     32            OR CONSEQUENTIAL DAMAGES, LOST PROFITS OR LOST DATA, COST OF PROCUREMENT
     33            OF SUBSTITUTE GOODS, TECHNOLOGY, SERVICES, OR ANY CLAIMS BY THIRD PARTIES
     34            (INCLUDING BUT NOT LIMITED TO ANY DEFENSE THEREOF), OR OTHER SIMILAR COSTS.
     35          
     36            Should you have any questions regarding your right to use this Software,
     37            contact Texas Instruments Incorporated at www.TI.com.
     38          **************************************************************************************************/
     39          
     40          /*********************************************************************
     41            This application isn't intended to do anything useful, it is
     42            intended to be a simple example of an application's structure.
     43          
     44            This application sends it's messages either as broadcast or
     45            broadcast filtered group messages.  The other (more normal)
     46            message addressing is unicast.  Most of the other sample
     47            applications are written to support the unicast message model.
     48          
     49            Key control:
     50              SW1:  Sends a flash command to all devices in Group 1.
     51              SW2:  Adds/Removes (toggles) this device in and out
     52                    of Group 1.  This will enable and disable the
     53                    reception of the flash command.
     54          *********************************************************************/
     55          
     56          /*********************************************************************
     57           * INCLUDES
     58           */
     59          #include "OSAL.h"
     60          #include "ZGlobals.h"
     61          #include "AF.h"
     62          #include "aps_groups.h"
     63          #include "ZDApp.h"
     64          
     65          #include "SampleApp.h"
     66          #include "SampleAppHw.h"
     67          
     68          #include "OnBoard.h"
     69          
     70          /* HAL */
     71          #include "hal_lcd.h"
     72          #include "hal_led.h"
     73          #include "hal_key.h"
     74          
     75          #include "MT_UART.h"
     76          #include "string.h"
     77          #include "hal_uart.h"
     78          #include "DataDeal.H"
     79          
     80          // This is the max byte count per OTA message.
     81          #if !defined( SERIAL_APP_TX_MAX )
     82          #define SERIAL_APP_TX_MAX  100
     83          #endif
     84          
     85          /*********************************************************************
     86           * MACROS
     87           */
     88          
     89          /*********************************************************************
     90           * CONSTANTS
     91           */
     92          
     93          /*********************************************************************
     94           * TYPEDEFS
     95           */
     96          
     97          /*********************************************************************
     98           * GLOBAL VARIABLES
     99           */
    100          
    101          // This list should be filled with Application specific Cluster IDs.

   \                                 In  segment XDATA_ROM_C, align 1
    102          const cId_t SampleApp_ClusterList[SAMPLEAPP_MAX_CLUSTERS] =
   \                     SampleApp_ClusterList:
   \   000000   0100         DW 1
   \   000002   0200         DW 2
    103          {
    104            SAMPLEAPP_PERIODIC_CLUSTERID,
    105            SAMPLEAPP_FLASH_CLUSTERID
    106          };
    107          

   \                                 In  segment XDATA_ROM_C, align 1
    108          const SimpleDescriptionFormat_t SampleApp_SimpleDesc =
   \                     SampleApp_SimpleDesc:
   \   000000   14           DB 20
   \   000001   080F         DW 3848
   \   000003   0100         DW 1
   \   000005   00           DB 0
   \   000006   02           DB 2
   \   000007   ....         DW SampleApp_ClusterList
   \   000009   02           DB 2
   \   00000A   ....         DW SampleApp_ClusterList
    109          {
    110            SAMPLEAPP_ENDPOINT,              //  int Endpoint;
    111            SAMPLEAPP_PROFID,                //  uint16 AppProfId[2];
    112            SAMPLEAPP_DEVICEID,              //  uint16 AppDeviceId[2];
    113            SAMPLEAPP_DEVICE_VERSION,        //  int   AppDevVer:4;
    114            SAMPLEAPP_FLAGS,                 //  int   AppFlags:4;
    115            SAMPLEAPP_MAX_CLUSTERS,          //  uint8  AppNumInClusters;
    116            (cId_t *)SampleApp_ClusterList,  //  uint8 *pAppInClusterList;
    117            SAMPLEAPP_MAX_CLUSTERS,          //  uint8  AppNumInClusters;
    118            (cId_t *)SampleApp_ClusterList   //  uint8 *pAppInClusterList;
    119          };
    120          
    121          // This is the Endpoint/Interface description.  It is defined here, but
    122          // filled-in in SampleApp_Init().  Another way to go would be to fill
    123          // in the structure here and make it a "const" (in code space).  The
    124          // way it's defined in this sample app it is define in RAM.

   \                                 In  segment XDATA_Z, align 1, keep-with-next
    125          endPointDesc_t SampleApp_epDesc;
   \                     SampleApp_epDesc:
   \   000000                DS 6
   \   000006                REQUIRE __INIT_XDATA_Z
    126          
    127          /*********************************************************************
    128           * EXTERNAL VARIABLES
    129           */
    130          
    131          /*********************************************************************
    132           * EXTERNAL FUNCTIONS
    133           */
    134          
    135          /*********************************************************************
    136           * LOCAL VARIABLES
    137           */

   \                                 In  segment XDATA_Z, align 1, keep-with-next
    138          uint8 SampleApp_TaskID;   // Task ID for internal task/event processing
   \                     SampleApp_TaskID:
   \   000000                DS 1
   \   000001                REQUIRE __INIT_XDATA_Z
    139                                    // This variable will be received when
    140                                    // SampleApp_Init() is called.

   \                                 In  segment XDATA_Z, align 1, keep-with-next
    141          devStates_t SampleApp_NwkState;
   \                     SampleApp_NwkState:
   \   000000                DS 1
   \   000001                REQUIRE __INIT_XDATA_Z
    142          

   \                                 In  segment XDATA_Z, align 1, keep-with-next
    143          uint8 SampleApp_TransID;  // This is the unique message ID (counter)
   \                     SampleApp_TransID:
   \   000000                DS 1
   \   000001                REQUIRE __INIT_XDATA_Z
    144          

   \                                 In  segment XDATA_Z, align 1, keep-with-next
    145          afAddrType_t SampleApp_Periodic_DstAddr;
   \                     SampleApp_Periodic_DstAddr:
   \   000000                DS 12
   \   00000C                REQUIRE __INIT_XDATA_Z

   \                                 In  segment XDATA_Z, align 1, keep-with-next
    146          afAddrType_t SampleApp_Flash_DstAddr;
   \                     SampleApp_Flash_DstAddr:
   \   000000                DS 12
   \   00000C                REQUIRE __INIT_XDATA_Z
    147          

   \                                 In  segment XDATA_Z, align 1, keep-with-next
    148          aps_Group_t SampleApp_Group;
   \                     SampleApp_Group:
   \   000000                DS 18
   \   000012                REQUIRE __INIT_XDATA_Z
    149          

   \                                 In  segment XDATA_Z, align 1, keep-with-next
    150          uint8 SampleAppPeriodicCounter = 0;
   \                     SampleAppPeriodicCounter:
   \   000000                DS 1
   \   000001                REQUIRE __INIT_XDATA_Z

   \                                 In  segment XDATA_Z, align 1, keep-with-next
    151          uint8 SampleAppFlashCounter = 0;
   \                     SampleAppFlashCounter:
   \   000000                DS 1
   \   000001                REQUIRE __INIT_XDATA_Z
    152          

   \                                 In  segment XDATA_Z, align 1, keep-with-next
    153          unsigned char RxBuf[SERIAL_APP_TX_MAX+1];
   \                     RxBuf:
   \   000000                DS 101
   \   000065                REQUIRE __INIT_XDATA_Z

   \                                 In  segment XDATA_Z, align 1, keep-with-next
    154          byte recData[1];
   \                     recData:
   \   000000                DS 1
   \   000001                REQUIRE __INIT_XDATA_Z

   \                                 In  segment XDATA_Z, align 1, keep-with-next
    155          static uint8 SerialApp_TxLen;
   \                     SerialApp_TxLen:
   \   000000                DS 1
   \   000001                REQUIRE __INIT_XDATA_Z

   \                                 In  segment XDATA_Z, align 1, keep-with-next
    156          int httpCon1 = 0;
   \                     httpCon1:
   \   000000                DS 2
   \   000002                REQUIRE __INIT_XDATA_Z

   \                                 In  segment XDATA_Z, align 1, keep-with-next
    157          int httpsend = 0;
   \                     httpsend:
   \   000000                DS 2
   \   000002                REQUIRE __INIT_XDATA_Z
    158          
    159          /*********************************************************************
    160           * LOCAL FUNCTIONS
    161           */
    162          void SampleApp_HandleKeys( uint8 shift, uint8 keys );
    163          void SampleApp_MessageMSGCB( afIncomingMSGPacket_t *pckt );
    164          void SampleApp_SendPeriodicMessage( void );
    165          void SampleApp_SendFlashMessage( uint16 flashTime );
    166          void rxCB(uint8 port,uint8 event);
    167          void Delay_ustt(uint8 Time);
    168          void DeviceControlManager(unsigned char* buff,int length);
    169          
    170          /*********************************************************************
    171           * NETWORK LAYER CALLBACKS
    172           */
    173          
    174          /*********************************************************************
    175           * PUBLIC FUNCTIONS
    176           */
    177          
    178          /*********************************************************************
    179           * @fn      SampleApp_Init
    180           *
    181           * @brief   Initialization function for the Generic App Task.
    182           *          This is called during initialization and should contain
    183           *          any application specific initialization (ie. hardware
    184           *          initialization/setup, table initialization, power up
    185           *          notificaiton ... ).
    186           *
    187           * @param   task_id - the ID assigned by OSAL.  This ID should be
    188           *                    used to send messages and set timers.
    189           *
    190           * @return  none
    191           */

   \                                 In  segment BANKED_CODE, align 1, keep-with-next
    192          void SampleApp_Init( uint8 task_id )
   \                     SampleApp_Init:
    193          {
   \   000000   74F7         MOV     A,#-0x9
   \   000002   12....       LCALL   ?BANKED_ENTER_XDATA
   \   000005                ; Saved register size: 9
   \   000005                ; Auto size: 29
   \   000005   74E3         MOV     A,#-0x1d
   \   000007   12....       LCALL   ?ALLOC_XSTACK8
   \   00000A   E9           MOV     A,R1
    194          
    195          
    196            SampleApp_TaskID = task_id;
   \   00000B   90....       MOV     DPTR,#SampleApp_TaskID
   \   00000E   F0           MOVX    @DPTR,A
    197            SampleApp_NwkState = DEV_INIT;
   \   00000F   90....       MOV     DPTR,#SampleApp_NwkState
   \   000012   7401         MOV     A,#0x1
   \   000014   F0           MOVX    @DPTR,A
    198            SampleApp_TransID = 0;
   \   000015   90....       MOV     DPTR,#SampleApp_TransID
   \   000018   E4           CLR     A
   \   000019   12....       LCALL   ?Subroutine4 & 0xFFFF
    199            //MT_UartInit();
    200            //HalUARTWrite(0,"uart0 is ok\n",strlen("uart0 is ok\n"));
    201            
    202            halUARTCfg_t uartConfig;            //串口配置
    203            uartConfig.configured           = TRUE;              // 2x30 don't care - see uart driver.
   \                     ??CrossCallReturnLabel_4:
   \   00001C   04           INC     A
   \   00001D   F0           MOVX    @DPTR,A
    204            uartConfig.baudRate             = HAL_UART_BR_115200;       //波特路
   \   00001E   12....       LCALL   ?XSTACK_DISP0_8
   \   000021   7404         MOV     A,#0x4
   \   000023   F0           MOVX    @DPTR,A
    205            uartConfig.flowControl          = FALSE;
   \   000024   7402         MOV     A,#0x2
   \   000026   12....       LCALL   ?XSTACK_DISP0_8
   \   000029   E4           CLR     A
   \   00002A   F0           MOVX    @DPTR,A
    206            uartConfig.flowControlThreshold = 64;   // 2x30 don't care - see uart driver.
   \   00002B   7403         MOV     A,#0x3
   \   00002D   12....       LCALL   ?XSTACK_DISP0_8
   \   000030   7440         MOV     A,#0x40
   \   000032   F0           MOVX    @DPTR,A
   \   000033   A3           INC     DPTR
   \   000034   E4           CLR     A
   \   000035   F0           MOVX    @DPTR,A
    207            uartConfig.rx.maxBufSize        = 128;  // 2x30 don't care - see uart driver.
   \   000036   740A         MOV     A,#0xa
   \   000038   12....       LCALL   ?XSTACK_DISP0_8
   \   00003B   7480         MOV     A,#-0x80
   \   00003D   F0           MOVX    @DPTR,A
   \   00003E   A3           INC     DPTR
   \   00003F   E4           CLR     A
   \   000040   F0           MOVX    @DPTR,A
    208            uartConfig.tx.maxBufSize        = 128;  // 2x30 don't care - see uart driver.
   \   000041   7412         MOV     A,#0x12
   \   000043   12....       LCALL   ?XSTACK_DISP0_8
   \   000046   7480         MOV     A,#-0x80
   \   000048   F0           MOVX    @DPTR,A
   \   000049   A3           INC     DPTR
   \   00004A   E4           CLR     A
   \   00004B   F0           MOVX    @DPTR,A
    209            uartConfig.idleTimeout          = 6;    // 2x30 don't care - see uart driver.
   \   00004C   7405         MOV     A,#0x5
   \   00004E   12....       LCALL   ?XSTACK_DISP0_8
   \   000051   7406         MOV     A,#0x6
   \   000053   F0           MOVX    @DPTR,A
    210            uartConfig.intEnable            = TRUE; // 2x30 don't care - see uart driver.
   \   000054   7416         MOV     A,#0x16
   \   000056   12....       LCALL   ?XSTACK_DISP0_8
   \   000059   7401         MOV     A,#0x1
   \   00005B   F0           MOVX    @DPTR,A
    211            uartConfig.callBackFunc         = rxCB;
   \   00005C   741B         MOV     A,#0x1b
   \   00005E   12....       LCALL   ?XSTACK_DISP0_8
   \   000061   74..         MOV     A,#??rxCB?relay & 0xff
   \   000063   F0           MOVX    @DPTR,A
   \   000064   A3           INC     DPTR
   \   000065   74..         MOV     A,#(??rxCB?relay >> 8) & 0xff
   \   000067   12....       LCALL   ?Subroutine4 & 0xFFFF
    212           
    213            
    214           
    215            
    216            // Update the display
    217           #if defined(ZDO_COORDINATOR)
    218            
    219              HalUARTOpen (HAL_UART_PORT_0, &uartConfig); 
   \                     ??CrossCallReturnLabel_5:
   \   00006A   AA82         MOV     R2,DPL
   \   00006C   AB83         MOV     R3,DPH
   \   00006E   7900         MOV     R1,#0x0
   \   000070   12....       LCALL   ??HalUARTOpen?relay
    220              HalUARTWrite(HAL_UART_PORT_0,"UartIni04 RR\n", sizeof("UartInitr OK\n"));  //测试串口
   \   000073                ; Setup parameters for call to function HalUARTWrite
   \   000073   7C0E         MOV     R4,#0xe
   \   000075   7D00         MOV     R5,#0x0
   \   000077   7A..         MOV     R2,#`?<Constant "UartIni04 RR\\n">` & 0xff
   \   000079   7B..         MOV     R3,#(`?<Constant "UartIni04 RR\\n">` >> 8) & 0xff
   \   00007B   7900         MOV     R1,#0x0
   \   00007D   12....       LCALL   ??HalUARTWrite?relay
    221          
    222          #endif
    223              
    224            // Device hardware initialization can be added here or in main() (Zmain.c).
    225            // If the hardware is application specific - add it here.
    226            // If the hardware is other parts of the device add it in main().
    227          
    228           #if defined ( BUILD_ALL_DEVICES )
    229            // The "Demo" target is setup to have BUILD_ALL_DEVICES and HOLD_AUTO_START
    230            // We are looking at a jumper (defined in SampleAppHw.c) to be jumpered
    231            // together - if they are - we will start up a coordinator. Otherwise,
    232            // the device will start as a router.
    233            if ( readCoordinatorJumper() )
    234              zgDeviceLogicalType = ZG_DEVICETYPE_COORDINATOR;
    235            else
    236              zgDeviceLogicalType = ZG_DEVICETYPE_ROUTER;
    237          #endif // BUILD_ALL_DEVICES
    238          
    239          #if defined ( HOLD_AUTO_START )
    240            // HOLD_AUTO_START is a compile option that will surpress ZDApp
    241            //  from starting the device and wait for the application to
    242            //  start the device.
    243            ZDOInitDevice(0);
    244          #endif
    245          
    246            // Setup for the periodic message's destination address
    247            // Broadcast to everyone     协调器给终端发送数据
    248            SampleApp_Periodic_DstAddr.addrMode = (afAddrMode_t)AddrBroadcast;
   \   000080   90....       MOV     DPTR,#SampleApp_Periodic_DstAddr + 8
   \   000083   740F         MOV     A,#0xf
   \   000085   F0           MOVX    @DPTR,A
    249            SampleApp_Periodic_DstAddr.endPoint = SAMPLEAPP_ENDPOINT;
   \   000086   A3           INC     DPTR
   \   000087   7414         MOV     A,#0x14
   \   000089   F0           MOVX    @DPTR,A
    250            SampleApp_Periodic_DstAddr.addr.shortAddr = 0xFFFF;
   \   00008A   90....       MOV     DPTR,#SampleApp_Periodic_DstAddr
   \   00008D   74FF         MOV     A,#-0x1
   \   00008F   F0           MOVX    @DPTR,A
   \   000090   A3           INC     DPTR
   \   000091   F0           MOVX    @DPTR,A
    251          
    252            // Setup for the flash command's destination address - Group 1
    253            //终端给协调器发送数据 以单播的方式
    254            SampleApp_Flash_DstAddr.addrMode = (afAddrMode_t)Addr16Bit;
   \   000092   90....       MOV     DPTR,#SampleApp_Flash_DstAddr + 8
   \   000095   7402         MOV     A,#0x2
   \   000097   F0           MOVX    @DPTR,A
    255            SampleApp_Flash_DstAddr.endPoint = SAMPLEAPP_ENDPOINT;
   \   000098   A3           INC     DPTR
   \   000099   7414         MOV     A,#0x14
   \   00009B   F0           MOVX    @DPTR,A
    256            SampleApp_Flash_DstAddr.addr.shortAddr = 0x0000;
   \   00009C   90....       MOV     DPTR,#SampleApp_Flash_DstAddr
   \   00009F   E4           CLR     A
   \   0000A0   F0           MOVX    @DPTR,A
   \   0000A1   A3           INC     DPTR
   \   0000A2   F0           MOVX    @DPTR,A
    257          
    258            // Fill out the endpoint description.
    259            SampleApp_epDesc.endPoint = SAMPLEAPP_ENDPOINT;
   \   0000A3   90....       MOV     DPTR,#SampleApp_epDesc
   \   0000A6   7414         MOV     A,#0x14
   \   0000A8   F0           MOVX    @DPTR,A
    260            SampleApp_epDesc.task_id = &SampleApp_TaskID;
   \   0000A9   A3           INC     DPTR
   \   0000AA   74..         MOV     A,#SampleApp_TaskID & 0xff
   \   0000AC   F0           MOVX    @DPTR,A
   \   0000AD   A3           INC     DPTR
   \   0000AE   74..         MOV     A,#(SampleApp_TaskID >> 8) & 0xff
   \   0000B0   F0           MOVX    @DPTR,A
    261            SampleApp_epDesc.simpleDesc
    262                      = (SimpleDescriptionFormat_t *)&SampleApp_SimpleDesc;
   \   0000B1   A3           INC     DPTR
   \   0000B2   74..         MOV     A,#SampleApp_SimpleDesc & 0xff
   \   0000B4   F0           MOVX    @DPTR,A
   \   0000B5   A3           INC     DPTR
   \   0000B6   74..         MOV     A,#(SampleApp_SimpleDesc >> 8) & 0xff
   \   0000B8   F0           MOVX    @DPTR,A
    263            SampleApp_epDesc.latencyReq = noLatencyReqs;
   \   0000B9   A3           INC     DPTR
   \   0000BA   E4           CLR     A
   \   0000BB   F0           MOVX    @DPTR,A
    264          
    265            // Register the endpoint description with the AF
    266            afRegister( &SampleApp_epDesc );
   \   0000BC                ; Setup parameters for call to function afRegister
   \   0000BC   7A..         MOV     R2,#SampleApp_epDesc & 0xff
   \   0000BE   7B..         MOV     R3,#(SampleApp_epDesc >> 8) & 0xff
   \   0000C0   12....       LCALL   ??afRegister?relay
    267          
    268            // Register for all key events - This app will handle all key events
    269            RegisterForKeys( SampleApp_TaskID );
   \   0000C3                ; Setup parameters for call to function RegisterForKeys
   \   0000C3   90....       MOV     DPTR,#SampleApp_TaskID
   \   0000C6   E0           MOVX    A,@DPTR
   \   0000C7   F9           MOV     R1,A
   \   0000C8   12....       LCALL   ??RegisterForKeys?relay
    270          /*
    271            // By default, all devices start out in Group 1
    272            SampleApp_Group.ID = 0x0001;
    273            osal_memcpy( SampleApp_Group.name, "Group 1", 7  );
    274            aps_AddGroup( SAMPLEAPP_ENDPOINT, &SampleApp_Group );
    275            */
    276          
    277          #if defined ( LCD_SUPPORTED )
    278            HalLcdWriteString( "SampleApp", HAL_LCD_LINE_1 );
    279          #endif
    280          }
   \   0000CB   741D         MOV     A,#0x1d
   \   0000CD   12....       LCALL   ?DEALLOC_XSTACK8
   \   0000D0                REQUIRE ?Subroutine0
   \   0000D0                ; // Fall through to label ?Subroutine0

   \                                 In  segment BANKED_CODE, align 1, keep-with-next
   \                     ?Subroutine0:
   \   000000   7F01         MOV     R7,#0x1
   \   000002   02....       LJMP    ?BANKED_LEAVE_XDATA

   \                                 In  segment BANKED_CODE, align 1, keep-with-next
   \                     ?Subroutine4:
   \   000000   F0           MOVX    @DPTR,A
   \   000001                ; Setup parameters for call to function HalUARTOpen
   \   000001   85..82       MOV     DPL,?XSP + 0
   \   000004   85..83       MOV     DPH,?XSP + 1
   \   000007   22           RET
    281          
    282          /*********************************************************************
    283           * @fn      SampleApp_ProcessEvent
    284           *
    285           * @brief   Generic Application Task event processor.  This function
    286           *          is called to process all events for the task.  Events
    287           *          include timers, messages and any other user defined events.
    288           *
    289           * @param   task_id  - The OSAL assigned task ID.
    290           * @param   events - events to process.  This is a bit map and can
    291           *                   contain more than one event.
    292           *
    293           * @return  none
    294           */

   \                                 In  segment BANKED_CODE, align 1, keep-with-next
    295          uint16 SampleApp_ProcessEvent( uint8 task_id, uint16 events )
   \                     SampleApp_ProcessEvent:
    296          {
   \   000000   74F4         MOV     A,#-0xc
   \   000002   12....       LCALL   ?BANKED_ENTER_XDATA
   \   000005                ; Saved register size: 12
   \   000005                ; Auto size: 0
   \   000005   EA           MOV     A,R2
   \   000006   FE           MOV     R6,A
   \   000007   EB           MOV     A,R3
   \   000008   FF           MOV     R7,A
    297            afIncomingMSGPacket_t *MSGpkt;
    298            (void)task_id;  // Intentionally unreferenced parameter
    299          
    300            if ( events & SYS_EVENT_MSG )
   \   000009   5480         ANL     A,#0x80
   \   00000B   6079         JZ      ??SampleApp_ProcessEvent_0
    301            {
    302              MSGpkt = (afIncomingMSGPacket_t *)osal_msg_receive( SampleApp_TaskID );
   \   00000D                ; Setup parameters for call to function osal_msg_receive
   \   00000D   802B         SJMP    ??SampleApp_ProcessEvent_1
    303              while ( MSGpkt )
    304              {
    305                switch ( MSGpkt->hdr.event )
    306                {
    307                  // Received when a key is pressed
    308                  case KEY_CHANGE:
    309                    SampleApp_HandleKeys( ((keyChange_t *)MSGpkt)->state, ((keyChange_t *)MSGpkt)->keys );
    310                    break;
    311          
    312                  // Received when a messages is received (OTA) for this endpoint
    313                  case AF_INCOMING_MSG_CMD:
    314                    SampleApp_MessageMSGCB( MSGpkt );
    315                    break;
    316          
    317                  // Received whenever the device changes state in the network
    318                  case ZDO_STATE_CHANGE:
    319                    SampleApp_NwkState = (devStates_t)(MSGpkt->hdr.status);
   \                     ??SampleApp_ProcessEvent_2:
   \   00000F   A3           INC     DPTR
   \   000010   E0           MOVX    A,@DPTR
   \   000011   90....       MOV     DPTR,#SampleApp_NwkState
   \   000014   F0           MOVX    @DPTR,A
    320                    if ( (SampleApp_NwkState == DEV_ZB_COORD)
    321                        || (SampleApp_NwkState == DEV_ROUTER)
    322                        || (SampleApp_NwkState == DEV_END_DEVICE) )
   \   000015   6409         XRL     A,#0x9
   \   000017   600A         JZ      ??SampleApp_ProcessEvent_3
   \   000019   E0           MOVX    A,@DPTR
   \   00001A   6407         XRL     A,#0x7
   \   00001C   6005         JZ      ??SampleApp_ProcessEvent_3
   \   00001E   E0           MOVX    A,@DPTR
   \   00001F   6406         XRL     A,#0x6
   \   000021   7010         JNZ     ??SampleApp_ProcessEvent_4
    323                    {
    324                      // Start sending the periodic message in a regular interval.
    325                      osal_start_timerEx( SampleApp_TaskID,
    326                                        SAMPLEAPP_SEND_PERIODIC_MSG_EVT,
    327                                        SAMPLEAPP_SEND_PERIODIC_MSG_TIMEOUT );
   \                     ??SampleApp_ProcessEvent_3:
   \   000023                ; Setup parameters for call to function osal_start_timerEx
   \   000023   7CB8         MOV     R4,#-0x48
   \   000025   7D0B         MOV     R5,#0xb
   \   000027   7A01         MOV     R2,#0x1
   \   000029   7B00         MOV     R3,#0x0
   \   00002B   90....       MOV     DPTR,#SampleApp_TaskID
   \   00002E   E0           MOVX    A,@DPTR
   \   00002F   F9           MOV     R1,A
   \   000030   12....       LCALL   ??osal_start_timerEx?relay
    328                    }
    329                    else
    330                    {
    331                      // Device is no longer in the network
    332                    }
    333                    break;
    334          
    335                  default:
    336                    break;
    337                }
    338          
    339                // Release the memory
    340                osal_msg_deallocate( (uint8 *)MSGpkt );
   \                     ??SampleApp_ProcessEvent_4:
   \   000033                ; Setup parameters for call to function osal_msg_deallocate
   \   000033   AA..         MOV     R2,?V0 + 0
   \   000035   AB..         MOV     R3,?V0 + 1
   \   000037   12....       LCALL   ??osal_msg_deallocate?relay
    341          
    342                // Next - if one is available
    343                MSGpkt = (afIncomingMSGPacket_t *)osal_msg_receive( SampleApp_TaskID );
   \   00003A                ; Setup parameters for call to function osal_msg_receive
   \                     ??SampleApp_ProcessEvent_1:
   \   00003A   90....       MOV     DPTR,#SampleApp_TaskID
   \   00003D   E0           MOVX    A,@DPTR
   \   00003E   F9           MOV     R1,A
   \   00003F   12....       LCALL   ??osal_msg_receive?relay
   \   000042   8A..         MOV     ?V0 + 0,R2
   \   000044   8B..         MOV     ?V0 + 1,R3
   \   000046   E5..         MOV     A,?V0 + 0
   \   000048   45..         ORL     A,?V0 + 1
   \   00004A   6032         JZ      ??SampleApp_ProcessEvent_5
   \   00004C   85..82       MOV     DPL,?V0 + 0
   \   00004F   85..83       MOV     DPH,?V0 + 1
   \   000052   E0           MOVX    A,@DPTR
   \   000053   24E6         ADD     A,#-0x1a
   \   000055   601E         JZ      ??SampleApp_ProcessEvent_6
   \   000057   245A         ADD     A,#0x5a
   \   000059   6006         JZ      ??SampleApp_ProcessEvent_7
   \   00005B   24EF         ADD     A,#-0x11
   \   00005D   60B0         JZ      ??SampleApp_ProcessEvent_2
   \   00005F   80D2         SJMP    ??SampleApp_ProcessEvent_4
   \                     ??SampleApp_ProcessEvent_7:
   \   000061                ; Setup parameters for call to function SampleApp_HandleKeys
   \   000061   A3           INC     DPTR
   \   000062   A3           INC     DPTR
   \   000063   A3           INC     DPTR
   \   000064   E0           MOVX    A,@DPTR
   \   000065   FA           MOV     R2,A
   \   000066   85..82       MOV     DPL,?V0 + 0
   \   000069   85..83       MOV     DPH,?V0 + 1
   \   00006C   A3           INC     DPTR
   \   00006D   A3           INC     DPTR
   \   00006E   E0           MOVX    A,@DPTR
   \   00006F   F9           MOV     R1,A
   \   000070   12....       LCALL   ??SampleApp_HandleKeys?relay
   \   000073   80BE         SJMP    ??SampleApp_ProcessEvent_4
   \                     ??SampleApp_ProcessEvent_6:
   \   000075                ; Setup parameters for call to function SampleApp_MessageMSGCB
   \   000075   AA..         MOV     R2,?V0 + 0
   \   000077   AB..         MOV     R3,?V0 + 1
   \   000079   12....       LCALL   ??SampleApp_MessageMSGCB?relay
   \   00007C   80B5         SJMP    ??SampleApp_ProcessEvent_4
    344              }
    345          
    346              // return unprocessed events
    347              return (events ^ SYS_EVENT_MSG);
   \                     ??SampleApp_ProcessEvent_5:
   \   00007E   EE           MOV     A,R6
   \   00007F   FA           MOV     R2,A
   \   000080   EF           MOV     A,R7
   \   000081   6480         XRL     A,#0x80
   \                     ??SampleApp_ProcessEvent_8:
   \   000083   FB           MOV     R3,A
   \   000084   8038         SJMP    ??SampleApp_ProcessEvent_9
    348            }
    349          
    350            // Send a message out - This event is generated by a timer
    351            //  (setup in SampleApp_Init()).
    352            if ( events & SAMPLEAPP_SEND_PERIODIC_MSG_EVT )
   \                     ??SampleApp_ProcessEvent_0:
   \   000086   EE           MOV     A,R6
   \   000087   A2E0         MOV     C,0xE0 /* A   */.0
   \   000089   502F         JNC     ??SampleApp_ProcessEvent_10
    353            { 
    354              if(zgDeviceLogicalType == ZG_DEVICETYPE_COORDINATOR)
   \   00008B   90....       MOV     DPTR,#zgDeviceLogicalType
   \   00008E   E0           MOVX    A,@DPTR
   \   00008F   600B         JZ      ??SampleApp_ProcessEvent_11
    355                   //Send the periodic message
    356                  SampleApp_SendPeriodicMessage();
    357              else if(zgDeviceLogicalType == ZG_DEVICETYPE_ENDDEVICE)
   \   000091   6402         XRL     A,#0x2
   \   000093   7007         JNZ     ??SampleApp_ProcessEvent_11
    358                   SampleApp_SendFlashMessage(0x0000);
   \   000095                ; Setup parameters for call to function SampleApp_SendFlashMessage
   \   000095   7A00         MOV     R2,#0x0
   \   000097   7B00         MOV     R3,#0x0
   \   000099   12....       LCALL   ??SampleApp_SendFlashMessage?relay
    359          
    360               //Setup to send message again in normal period (+ a little jitter)
    361              osal_start_timerEx( SampleApp_TaskID, SAMPLEAPP_SEND_PERIODIC_MSG_EVT,
    362                  (SAMPLEAPP_SEND_PERIODIC_MSG_TIMEOUT + (osal_rand() & 0x00FF)) );
   \                     ??SampleApp_ProcessEvent_11:
   \   00009C                ; Setup parameters for call to function osal_rand
   \   00009C   12....       LCALL   ??osal_rand?relay
   \   00009F                ; Setup parameters for call to function osal_start_timerEx
   \   00009F   EA           MOV     A,R2
   \   0000A0   24B8         ADD     A,#-0x48
   \   0000A2   FC           MOV     R4,A
   \   0000A3   E4           CLR     A
   \   0000A4   340B         ADDC    A,#0xb
   \   0000A6   FD           MOV     R5,A
   \   0000A7   7A01         MOV     R2,#0x1
   \   0000A9   7B00         MOV     R3,#0x0
   \   0000AB   90....       MOV     DPTR,#SampleApp_TaskID
   \   0000AE   E0           MOVX    A,@DPTR
   \   0000AF   F9           MOV     R1,A
   \   0000B0   12....       LCALL   ??osal_start_timerEx?relay
    363          
    364              // return unprocessed events
    365              return (events ^ SAMPLEAPP_SEND_PERIODIC_MSG_EVT);
   \   0000B3   EE           MOV     A,R6
   \   0000B4   6401         XRL     A,#0x1
   \   0000B6   FA           MOV     R2,A
   \   0000B7   EF           MOV     A,R7
   \   0000B8   80C9         SJMP    ??SampleApp_ProcessEvent_8
    366            }
    367          
    368            // Discard unknown events
    369            return 0;
   \                     ??SampleApp_ProcessEvent_10:
   \   0000BA   7A00         MOV     R2,#0x0
   \   0000BC   7B00         MOV     R3,#0x0
   \                     ??SampleApp_ProcessEvent_9:
   \   0000BE   7F04         MOV     R7,#0x4
   \   0000C0   02....       LJMP    ?BANKED_LEAVE_XDATA
    370          }
    371          
    372          /*********************************************************************
    373           * Event Generation Functions
    374           */
    375          /*********************************************************************
    376           * @fn      SampleApp_HandleKeys
    377           *
    378           * @brief   Handles all key events for this device.
    379           *
    380           * @param   shift - true if in shift/alt.
    381           * @param   keys - bit field for key events. Valid entries:
    382           *                 HAL_KEY_SW_2
    383           *                 HAL_KEY_SW_1
    384           *
    385           * @return  none
    386           */

   \                                 In  segment BANKED_CODE, align 1, keep-with-next
    387          void SampleApp_HandleKeys( uint8 shift, uint8 keys )
   \                     SampleApp_HandleKeys:
    388          {
   \   000000   74F6         MOV     A,#-0xa
   \   000002   12....       LCALL   ?BANKED_ENTER_XDATA
   \   000005                ; Saved register size: 10
   \   000005                ; Auto size: 0
   \   000005   EA           MOV     A,R2
   \   000006   FE           MOV     R6,A
    389            (void)shift;  // Intentionally unreferenced parameter
    390            
    391            if ( keys & HAL_KEY_SW_1 )
   \   000007   A2E0         MOV     C,0xE0 /* A   */.0
   \   000009   5007         JNC     ??SampleApp_HandleKeys_0
    392            {
    393              /* This key sends the Flash Command is sent to Group 1.
    394               * This device will not receive the Flash Command from this
    395               * device (even if it belongs to group 1).
    396               */
    397              SampleApp_SendFlashMessage( SAMPLEAPP_FLASH_DURATION );
   \   00000B                ; Setup parameters for call to function SampleApp_SendFlashMessage
   \   00000B   7AE8         MOV     R2,#-0x18
   \   00000D   7B03         MOV     R3,#0x3
   \   00000F   12....       LCALL   ??SampleApp_SendFlashMessage?relay
    398            }
    399          
    400            if ( keys & HAL_KEY_SW_2 )
   \                     ??SampleApp_HandleKeys_0:
   \   000012   EE           MOV     A,R6
   \   000013   A2E1         MOV     C,0xE0 /* A   */.1
   \   000015   5024         JNC     ??SampleApp_HandleKeys_1
    401            {
    402              /* The Flashr Command is sent to Group 1.
    403               * This key toggles this device in and out of group 1.
    404               * If this device doesn't belong to group 1, this application
    405               * will not receive the Flash command sent to group 1.
    406               */
    407              aps_Group_t *grp;
    408              grp = aps_FindGroup( SAMPLEAPP_ENDPOINT, SAMPLEAPP_FLASH_GROUP );
    409              if ( grp )
   \   000017                ; Setup parameters for call to function aps_FindGroup
   \   000017   7A01         MOV     R2,#0x1
   \   000019   7B00         MOV     R3,#0x0
   \   00001B   7914         MOV     R1,#0x14
   \   00001D   12....       LCALL   ??aps_FindGroup?relay
   \   000020   8B..         MOV     ?V0 + 1,R3
   \   000022   EA           MOV     A,R2
   \   000023   45..         ORL     A,?V0 + 1
   \   000025   600B         JZ      ??SampleApp_HandleKeys_2
    410              {
    411                // Remove from the group
    412                aps_RemoveGroup( SAMPLEAPP_ENDPOINT, SAMPLEAPP_FLASH_GROUP );
   \   000027                ; Setup parameters for call to function aps_RemoveGroup
   \   000027   7A01         MOV     R2,#0x1
   \   000029   7B00         MOV     R3,#0x0
   \   00002B   7914         MOV     R1,#0x14
   \   00002D   12....       LCALL   ??aps_RemoveGroup?relay
   \   000030   8009         SJMP    ??SampleApp_HandleKeys_1
    413              }
    414              else
    415              {
    416                // Add to the flash group
    417                aps_AddGroup( SAMPLEAPP_ENDPOINT, &SampleApp_Group );
   \                     ??SampleApp_HandleKeys_2:
   \   000032                ; Setup parameters for call to function aps_AddGroup
   \   000032   7A..         MOV     R2,#SampleApp_Group & 0xff
   \   000034   7B..         MOV     R3,#(SampleApp_Group >> 8) & 0xff
   \   000036   7914         MOV     R1,#0x14
   \   000038   12....       LCALL   ??aps_AddGroup?relay
    418              }
    419            }
    420          }
   \                     ??SampleApp_HandleKeys_1:
   \   00003B   02....       LJMP    ?Subroutine1 & 0xFFFF

   \                                 In  segment BANKED_CODE, align 1, keep-with-next
   \                     ?Subroutine1:
   \   000000   7F02         MOV     R7,#0x2
   \   000002   02....       LJMP    ?BANKED_LEAVE_XDATA
    421          
    422          /*********************************************************************
    423           * LOCAL FUNCTIONS
    424           */
    425          
    426          /*********************************************************************
    427           * @fn      SampleApp_MessageMSGCB
    428           *
    429           * @brief   Data message processor callback.  This function processes
    430           *          any incoming data - probably from other devices.  So, based
    431           *          on cluster ID, perform the intended action.
    432           *
    433           * @param   none
    434           *
    435           * @return  none
    436           */

   \                                 In  segment BANKED_CODE, align 1, keep-with-next
    437          void SampleApp_MessageMSGCB( afIncomingMSGPacket_t *pkt )
   \                     SampleApp_MessageMSGCB:
    438          {
   \   000000   74F6         MOV     A,#-0xa
   \   000002   12....       LCALL   ?BANKED_ENTER_XDATA
   \   000005                ; Saved register size: 10
   \   000005                ; Auto size: 0
    439            uint16 flashTime;
                          ^
Warning[Pe177]: variable "flashTime" was declared but never referenced
    440          
    441            switch ( pkt->clusterId )
   \   000005   8A82         MOV     DPL,R2
   \   000007   8B83         MOV     DPH,R3
   \   000009   A3           INC     DPTR
   \   00000A   A3           INC     DPTR
   \   00000B   A3           INC     DPTR
   \   00000C   A3           INC     DPTR
   \   00000D   E0           MOVX    A,@DPTR
   \   00000E   F5..         MOV     ?V0 + 0,A
   \   000010   A3           INC     DPTR
   \   000011   E0           MOVX    A,@DPTR
   \   000012   F5..         MOV     ?V0 + 1,A
   \   000014   78..         MOV     R0,#?V0 + 0
   \   000016   12....       LCALL   ?US_SWITCH_DENSE
   \                     `?<Jumptable for SampleApp_MessageMSGCB>_0`:
   \   000019   0100         DW        1
   \   00001B   01           DB        1
   \   00001C   ....         DW        ??SampleApp_MessageMSGCB_0
   \   00001E   ....         DW        ??SampleApp_MessageMSGCB_1
   \   000020   ....         DW        ??SampleApp_MessageMSGCB_2
    442            {
    443              //终端节点收到来自协调器的消息
    444              case SAMPLEAPP_PERIODIC_CLUSTERID:
    445                //HalUARTWrite(0,(pkt)->cmd.Data,(pkt->cmd).DataLength);
    446                   DeviceControlManager((pkt)->cmd.Data,(pkt->cmd).DataLength);
   \                     ??SampleApp_MessageMSGCB_1:
   \   000022                ; Setup parameters for call to function DeviceControlManager
   \   000022   12....       LCALL   ?Subroutine2 & 0xFFFF
   \                     ??CrossCallReturnLabel_0:
   \   000025   12....       LCALL   ??DeviceControlManager?relay
    447                   break;
   \   000028   8008         SJMP    ??SampleApp_MessageMSGCB_0
    448                
    449              //协调器收到来自终端节的消息
    450              case SAMPLEAPP_FLASH_CLUSTERID:
    451                HalUARTWrite(0,(pkt)->cmd.Data,(pkt->cmd).DataLength);
   \                     ??SampleApp_MessageMSGCB_2:
   \   00002A                ; Setup parameters for call to function HalUARTWrite
   \   00002A   12....       LCALL   ?Subroutine2 & 0xFFFF
   \                     ??CrossCallReturnLabel_1:
   \   00002D   7900         MOV     R1,#0x0
   \   00002F   12....       LCALL   ??HalUARTWrite?relay
    452                break;
    453            }
    454          }
   \                     ??SampleApp_MessageMSGCB_0:
   \   000032   02....       LJMP    ?Subroutine1 & 0xFFFF

   \                                 In  segment BANKED_CODE, align 1, keep-with-next
   \                     ?Subroutine2:
   \   000000   EA           MOV     A,R2
   \   000001   241F         ADD     A,#0x1f
   \   000003   F582         MOV     DPL,A
   \   000005   EB           MOV     A,R3
   \   000006   3400         ADDC    A,#0x0
   \   000008   F583         MOV     DPH,A
   \   00000A   E0           MOVX    A,@DPTR
   \   00000B   FC           MOV     R4,A
   \   00000C   A3           INC     DPTR
   \   00000D   E0           MOVX    A,@DPTR
   \   00000E   FD           MOV     R5,A
   \   00000F   EA           MOV     A,R2
   \   000010   2421         ADD     A,#0x21
   \   000012   F582         MOV     DPL,A
   \   000014   EB           MOV     A,R3
   \   000015   3400         ADDC    A,#0x0
   \   000017   F583         MOV     DPH,A
   \   000019   E0           MOVX    A,@DPTR
   \   00001A   FA           MOV     R2,A
   \   00001B   A3           INC     DPTR
   \   00001C   E0           MOVX    A,@DPTR
   \   00001D   FB           MOV     R3,A
   \   00001E   22           RET
    455          
    456          /*********************************************************************
    457           * @fn      SampleApp_SendPeriodicMessage
    458           *
    459           * @brief   Send the periodic message.
    460           *
    461           * @param   none
    462           *
    463           * @return  none
    464           */

   \                                 In  segment BANKED_CODE, align 1, keep-with-next
    465          void SampleApp_SendPeriodicMessage( void )
   \                     SampleApp_SendPeriodicMessage:
    466          {
   \   000000                ; Saved register size: 0
   \   000000                ; Auto size: 0
    467            //uint8 *buff = "I am coordinator device\n";
    468            
    469            //if ( AF_DataRequest( &SampleApp_Periodic_DstAddr, &SampleApp_epDesc,
    470            //                     SAMPLEAPP_PERIODIC_CLUSTERID,
    471            //                    strlen(buff),
    472            //                     buff,
    473            //                     &SampleApp_TransID,
    474            //                     AF_DISCV_ROUTE,
    475            //                     AF_DEFAULT_RADIUS ) == afStatus_SUCCESS )
    476            //{
    477           // }
    478            //else
    479            //{
    480              // Error occurred in request to send.
    481            //}
    482          }
   \   000000   02....       LJMP    ?BRET
    483          
    484          /*********************************************************************
    485           * @fn      SampleApp_SendFlashMessage
    486           *
    487           * @brief   Send the flash message to group 1.
    488           *
    489           * @param   flashTime - in milliseconds
    490           *
    491           * @return  none
    492           */

   \                                 In  segment BANKED_CODE, align 1, keep-with-next
    493          void SampleApp_SendFlashMessage( uint16 flashTime )
   \                     SampleApp_SendFlashMessage:
    494          {
   \   000000   74F6         MOV     A,#-0xa
   \   000002   12....       LCALL   ?BANKED_ENTER_XDATA
   \   000005                ; Saved register size: 10
   \   000005                ; Auto size: 14
   \   000005   74F2         MOV     A,#-0xe
   \   000007   12....       LCALL   ?ALLOC_XSTACK8
    495              uint8 tempH[4],beam[5],mq[5]; //温湿度,光照，烟雾
    496              getDHT11(tempH);              //获取温湿度
   \   00000A                ; Setup parameters for call to function getDHT11
   \   00000A   85..82       MOV     DPL,?XSP + 0
   \   00000D   85..83       MOV     DPH,?XSP + 1
   \   000010   AA82         MOV     R2,DPL
   \   000012   AB83         MOV     R3,DPH
   \   000014   12....       LCALL   ??getDHT11?relay
    497              getMQ_2(mq);                  //获取MQ_2
   \   000017                ; Setup parameters for call to function getMQ_2
   \   000017   7409         MOV     A,#0x9
   \   000019   12....       LCALL   ?XSTACK_DISP0_8
   \   00001C   AA82         MOV     R2,DPL
   \   00001E   AB83         MOV     R3,DPH
   \   000020   12....       LCALL   ??getMQ_2?relay
    498              getLightSensor(beam);         //获取光敏电阻传感器数据
   \   000023                ; Setup parameters for call to function getLightSensor
   \   000023   7404         MOV     A,#0x4
   \   000025   12....       LCALL   ?XSTACK_DISP0_8
   \   000028   AA82         MOV     R2,DPL
   \   00002A   AB83         MOV     R3,DPH
   \   00002C   12....       LCALL   ??getLightSensor?relay
    499              
    500              uint8 *buffer;
    501              *buffer = '1';         //消息头
                      ^
Warning[Pe549]: variable "buffer" is used before its value is set
   \   00002F   8A82         MOV     DPL,R2
   \   000031   8B83         MOV     DPH,R3
   \   000033   7431         MOV     A,#0x31
   \   000035   F0           MOVX    @DPTR,A
    502              *(buffer+1) = ' ';
   \   000036   A3           INC     DPTR
   \   000037   7420         MOV     A,#0x20
   \   000039   12....       LCALL   ?Subroutine4 & 0xFFFF
    503              *(buffer+2) = tempH[0];
   \                     ??CrossCallReturnLabel_6:
   \   00003C   E0           MOVX    A,@DPTR
   \   00003D   8A82         MOV     DPL,R2
   \   00003F   8B83         MOV     DPH,R3
   \   000041   A3           INC     DPTR
   \   000042   A3           INC     DPTR
   \   000043   F0           MOVX    @DPTR,A
    504              *(buffer+3) = tempH[1];
   \   000044   7401         MOV     A,#0x1
   \   000046   12....       LCALL   ?XSTACK_DISP0_8
   \   000049   12....       LCALL   ?Subroutine7 & 0xFFFF
   \                     ??CrossCallReturnLabel_11:
   \   00004C   12....       LCALL   ?Subroutine6 & 0xFFFF
    505              *(buffer+4) = ' ';
   \                     ??CrossCallReturnLabel_9:
   \   00004F   7420         MOV     A,#0x20
   \   000051   F0           MOVX    @DPTR,A
    506              *(buffer+5) = tempH[2];
   \   000052   7402         MOV     A,#0x2
   \   000054   12....       LCALL   ?XSTACK_DISP0_8
   \   000057   12....       LCALL   ?Subroutine7 & 0xFFFF
   \                     ??CrossCallReturnLabel_12:
   \   00005A   A3           INC     DPTR
   \   00005B   A3           INC     DPTR
   \   00005C   F0           MOVX    @DPTR,A
    507              *(buffer+6) = tempH[3];
   \   00005D   7403         MOV     A,#0x3
   \   00005F   12....       LCALL   ?XSTACK_DISP0_8
   \   000062   12....       LCALL   ?Subroutine5 & 0xFFFF
   \                     ??CrossCallReturnLabel_7:
   \   000065   12....       LCALL   ?Subroutine6 & 0xFFFF
    508              *(buffer+7) = ' ';
   \                     ??CrossCallReturnLabel_10:
   \   000068   A3           INC     DPTR
   \   000069   A3           INC     DPTR
   \   00006A   A3           INC     DPTR
   \   00006B   7420         MOV     A,#0x20
   \   00006D   F0           MOVX    @DPTR,A
    509              *(buffer+8) = mq[0];
   \   00006E   7409         MOV     A,#0x9
   \   000070   12....       LCALL   ?XSTACK_DISP0_8
   \   000073   12....       LCALL   ?Subroutine5 & 0xFFFF
   \                     ??CrossCallReturnLabel_8:
   \   000076   A3           INC     DPTR
   \   000077   A3           INC     DPTR
   \   000078   F0           MOVX    @DPTR,A
    510              *(buffer+9) = mq[1];
   \   000079   740A         MOV     A,#0xa
   \   00007B   12....       LCALL   ?XSTACK_DISP0_8
   \   00007E   12....       LCALL   ?Subroutine3 & 0xFFFF
   \                     ??CrossCallReturnLabel_2:
   \   000081   F0           MOVX    @DPTR,A
    511              *(buffer+10) = mq[2];
   \   000082   740B         MOV     A,#0xb
   \   000084   12....       LCALL   ?XSTACK_DISP0_8
   \   000087   12....       LCALL   ?Subroutine3 & 0xFFFF
   \                     ??CrossCallReturnLabel_3:
   \   00008A   A3           INC     DPTR
   \   00008B   F0           MOVX    @DPTR,A
    512              *(buffer+11) = ' ';
   \   00008C   EA           MOV     A,R2
   \   00008D   240B         ADD     A,#0xb
   \   00008F   12....       LCALL   ?Subroutine9 & 0xFFFF
   \                     ??CrossCallReturnLabel_13:
   \   000092   7420         MOV     A,#0x20
   \   000094   F0           MOVX    @DPTR,A
    513              *(buffer+12) = beam[0];
   \   000095   7404         MOV     A,#0x4
   \   000097   12....       LCALL   ?XSTACK_DISP0_8
   \   00009A   E0           MOVX    A,@DPTR
   \   00009B   C0E0         PUSH    A
   \   00009D   EA           MOV     A,R2
   \   00009E   240C         ADD     A,#0xc
   \   0000A0   12....       LCALL   ?Subroutine9 & 0xFFFF
   \                     ??CrossCallReturnLabel_14:
   \   0000A3   D0E0         POP     A
   \   0000A5   F0           MOVX    @DPTR,A
    514              *(buffer+13) = beam[1];
   \   0000A6   7405         MOV     A,#0x5
   \   0000A8   12....       LCALL   ?XSTACK_DISP0_8
   \   0000AB   E0           MOVX    A,@DPTR
   \   0000AC   C0E0         PUSH    A
   \   0000AE   EA           MOV     A,R2
   \   0000AF   240D         ADD     A,#0xd
   \   0000B1   12....       LCALL   ?Subroutine9 & 0xFFFF
   \                     ??CrossCallReturnLabel_15:
   \   0000B4   D0E0         POP     A
   \   0000B6   F0           MOVX    @DPTR,A
    515              *(buffer+14) = beam[2];
   \   0000B7   7406         MOV     A,#0x6
   \   0000B9   12....       LCALL   ?XSTACK_DISP0_8
   \   0000BC   E0           MOVX    A,@DPTR
   \   0000BD   C0E0         PUSH    A
   \   0000BF   EA           MOV     A,R2
   \   0000C0   240E         ADD     A,#0xe
   \   0000C2   12....       LCALL   ?Subroutine9 & 0xFFFF
   \                     ??CrossCallReturnLabel_16:
   \   0000C5   D0E0         POP     A
   \   0000C7   F0           MOVX    @DPTR,A
    516              *(buffer+15) = beam[3];
   \   0000C8   7407         MOV     A,#0x7
   \   0000CA   12....       LCALL   ?XSTACK_DISP0_8
   \   0000CD   E0           MOVX    A,@DPTR
   \   0000CE   C0E0         PUSH    A
   \   0000D0   EA           MOV     A,R2
   \   0000D1   240F         ADD     A,#0xf
   \   0000D3   12....       LCALL   ?Subroutine9 & 0xFFFF
   \                     ??CrossCallReturnLabel_17:
   \   0000D6   D0E0         POP     A
   \   0000D8   F0           MOVX    @DPTR,A
    517              *(buffer+16) = beam[4];
   \   0000D9   7408         MOV     A,#0x8
   \   0000DB   12....       LCALL   ?XSTACK_DISP0_8
   \   0000DE   E0           MOVX    A,@DPTR
   \   0000DF   C0E0         PUSH    A
   \   0000E1   EA           MOV     A,R2
   \   0000E2   2410         ADD     A,#0x10
   \   0000E4   12....       LCALL   ?Subroutine9 & 0xFFFF
   \                     ??CrossCallReturnLabel_18:
   \   0000E7   D0E0         POP     A
   \   0000E9   F0           MOVX    @DPTR,A
    518              *(buffer+17) = '\n';
   \   0000EA   EA           MOV     A,R2
   \   0000EB   2411         ADD     A,#0x11
   \   0000ED   12....       LCALL   ?Subroutine9 & 0xFFFF
   \                     ??CrossCallReturnLabel_19:
   \   0000F0   740A         MOV     A,#0xa
   \   0000F2   F0           MOVX    @DPTR,A
    519              *(buffer+18) = '\0';
   \   0000F3   EA           MOV     A,R2
   \   0000F4   2412         ADD     A,#0x12
   \   0000F6   12....       LCALL   ?Subroutine9 & 0xFFFF
   \                     ??CrossCallReturnLabel_20:
   \   0000F9   E4           CLR     A
   \   0000FA   F0           MOVX    @DPTR,A
    520            
    521              
    522              //HalUARTWrite(HAL_UART_PORT_0,tempH, strlen(tempH));  //测试串口
    523            
    524            if ( AF_DataRequest( &SampleApp_Flash_DstAddr, &SampleApp_epDesc,
    525                                 SAMPLEAPP_FLASH_CLUSTERID,
    526                                 strlen(buffer),
                                               ^
Warning[Pe167]: argument of type "unsigned char *" is incompatible with
          parameter of type "char const *"
    527                                 buffer,
    528                                 &SampleApp_TransID,
    529                                 AF_DISCV_ROUTE,
    530                                 AF_DEFAULT_RADIUS ) == afStatus_SUCCESS )
   \   0000FB                ; Setup parameters for call to function AF_DataRequest
   \   0000FB   75..1E       MOV     ?V0 + 0,#0x1e
   \   0000FE   78..         MOV     R0,#?V0 + 0
   \   000100   12....       LCALL   ?PUSH_XSTACK_I_ONE
   \   000103   75....       MOV     ?V0 + 0,#SampleApp_TransID & 0xff
   \   000106   75....       MOV     ?V0 + 1,#(SampleApp_TransID >> 8) & 0xff
   \   000109   78..         MOV     R0,#?V0 + 0
   \   00010B   12....       LCALL   ?PUSH_XSTACK_I_TWO
   \   00010E   8A..         MOV     ?V0 + 0,R2
   \   000110   8B..         MOV     ?V0 + 1,R3
   \   000112   78..         MOV     R0,#?V0 + 0
   \   000114   12....       LCALL   ?PUSH_XSTACK_I_TWO
   \   000117                ; Setup parameters for call to function strlen
   \   000117   12....       LCALL   ?Subroutine10 & 0xFFFF
   \                     ??CrossCallReturnLabel_21:
   \   00011A   12....       LCALL   ?PUSH_XSTACK_I_TWO
   \   00011D   75..02       MOV     ?V0 + 0,#0x2
   \   000120   75..00       MOV     ?V0 + 1,#0x0
   \   000123   78..         MOV     R0,#?V0 + 0
   \   000125   12....       LCALL   ?PUSH_XSTACK_I_TWO
   \   000128   7920         MOV     R1,#0x20
   \   00012A   7C..         MOV     R4,#SampleApp_epDesc & 0xff
   \   00012C   7D..         MOV     R5,#(SampleApp_epDesc >> 8) & 0xff
   \   00012E   7A..         MOV     R2,#SampleApp_Flash_DstAddr & 0xff
   \   000130   7B..         MOV     R3,#(SampleApp_Flash_DstAddr >> 8) & 0xff
   \   000132   12....       LCALL   ??AF_DataRequest?relay
   \   000135   7409         MOV     A,#0x9
   \   000137   12....       LCALL   ?DEALLOC_XSTACK8
    531            {
    532            }
    533            else
    534            {
    535              // Error occurred in request to send.
    536            }
    537          }
   \   00013A   740E         MOV     A,#0xe
   \   00013C   12....       LCALL   ?DEALLOC_XSTACK8
   \   00013F                REQUIRE ?Subroutine1
   \   00013F                ; // Fall through to label ?Subroutine1

   \                                 In  segment BANKED_CODE, align 1, keep-with-next
   \                     ?Subroutine9:
   \   000000   F582         MOV     DPL,A
   \   000002   EB           MOV     A,R3
   \   000003   3400         ADDC    A,#0x0
   \   000005   F583         MOV     DPH,A
   \   000007   22           RET

   \                                 In  segment BANKED_CODE, align 1, keep-with-next
   \                     ?Subroutine7:
   \   000000   12....       LCALL   ?Subroutine12 & 0xFFFF
   \                     ??CrossCallReturnLabel_25:
   \   000003   22           RET

   \                                 In  segment BANKED_CODE, align 1, keep-with-next
   \                     ?Subroutine12:
   \   000000   E0           MOVX    A,@DPTR
   \   000001   8A82         MOV     DPL,R2
   \   000003   8B83         MOV     DPH,R3
   \   000005   A3           INC     DPTR
   \   000006   A3           INC     DPTR
   \   000007   A3           INC     DPTR
   \   000008   22           RET

   \                                 In  segment BANKED_CODE, align 1, keep-with-next
   \                     ?Subroutine6:
   \   000000   F0           MOVX    @DPTR,A
   \   000001   8A82         MOV     DPL,R2
   \   000003   8B83         MOV     DPH,R3
   \   000005   A3           INC     DPTR
   \   000006   A3           INC     DPTR
   \   000007   A3           INC     DPTR
   \   000008   A3           INC     DPTR
   \   000009   22           RET

   \                                 In  segment BANKED_CODE, align 1, keep-with-next
   \                     ?Subroutine5:
   \   000000   12....       LCALL   ?Subroutine11 & 0xFFFF
   \                     ??CrossCallReturnLabel_24:
   \   000003   22           RET

   \                                 In  segment BANKED_CODE, align 1, keep-with-next
   \                     ?Subroutine11:
   \   000000   12....       LCALL   ?Subroutine12 & 0xFFFF
   \                     ??CrossCallReturnLabel_26:
   \   000003   A3           INC     DPTR
   \   000004   A3           INC     DPTR
   \   000005   A3           INC     DPTR
   \   000006   22           RET

   \                                 In  segment BANKED_CODE, align 1, keep-with-next
   \                     ?Subroutine3:
   \   000000   12....       LCALL   ?Subroutine11 & 0xFFFF
   \                     ??CrossCallReturnLabel_23:
   \   000003   A3           INC     DPTR
   \   000004   A3           INC     DPTR
   \   000005   A3           INC     DPTR
   \   000006   22           RET

   \                                 In  segment BANKED_CODE, align 1, keep-with-next
   \                     ?Subroutine10:
   \   000000   12....       LCALL   ??strlen?relay
   \   000003   8A..         MOV     ?V0 + 0,R2
   \   000005   8B..         MOV     ?V0 + 1,R3
   \   000007   78..         MOV     R0,#?V0 + 0
   \   000009   22           RET
    538          

   \                                 In  segment BANKED_CODE, align 1, keep-with-next
    539          void delay1s(unsigned char n)   //误差 -0.25us
   \                     delay1s:
    540          {
   \   000000                ; Saved register size: 0
   \   000000                ; Auto size: 0
    541              unsigned char i,c,b,a;
    542                for(i=0;i<n;i++){
   \   000000   7800         MOV     R0,#0x0
   \   000002   8001         SJMP    ??delay1s_0
    543                  for(c=151;c>0;c--)
    544                      for(b=97;b>0;b--)
    545                          for(a=44;a>0;a--);
   \                     ??delay1s_1:
   \   000004   08           INC     R0
   \                     ??delay1s_0:
   \   000005   E8           MOV     A,R0
   \   000006   C3           CLR     C
   \   000007   99           SUBB    A,R1
   \   000008   40FA         JC      ??delay1s_1
    546                }
    547              
    548          }
   \   00000A   02....       LJMP    ?BRET
    549          

   \                                 In  segment BANKED_CODE, align 1, keep-with-next
    550          static void rxCB(uint8 port,uint8 event)
   \                     rxCB:
    551          {   
   \   000000   74F6         MOV     A,#-0xa
   \   000002   12....       LCALL   ?BANKED_ENTER_XDATA
   \   000005                ; Saved register size: 10
   \   000005                ; Auto size: 0
   \   000005   EA           MOV     A,R2
   \   000006   FE           MOV     R6,A
    552            if ((event & (HAL_UART_RX_FULL | HAL_UART_RX_ABOUT_FULL | HAL_UART_RX_TIMEOUT)) &&
    553          #if SERIAL_APP_LOOPBACK
    554                (SerialApp_TxLen < SERIAL_APP_TX_MAX))
    555          #else
    556                !SerialApp_TxLen)
   \   000007   7407         MOV     A,#0x7
   \   000009   5E           ANL     A,R6
   \   00000A   6067         JZ      ??rxCB_0
   \   00000C   90....       MOV     DPTR,#SerialApp_TxLen
   \   00000F   E0           MOVX    A,@DPTR
   \   000010   7061         JNZ     ??rxCB_0
    557          #endif
    558            { 
    559                  uint16 len = Hal_UART_RxBufLen(HAL_UART_PORT_0);            //获取串口数据长度
    560                  SerialApp_TxLen = HalUARTRead(HAL_UART_PORT_0, RxBuf,len); //保持串口读取
   \   000012                ; Setup parameters for call to function HalUARTRead
   \   000012                ; Setup parameters for call to function Hal_UART_RxBufLen
   \   000012   7900         MOV     R1,#0x0
   \   000014   12....       LCALL   ??Hal_UART_RxBufLen?relay
   \   000017   EA           MOV     A,R2
   \   000018   FC           MOV     R4,A
   \   000019   EB           MOV     A,R3
   \   00001A   FD           MOV     R5,A
   \   00001B   7A..         MOV     R2,#RxBuf & 0xff
   \   00001D   7B..         MOV     R3,#(RxBuf >> 8) & 0xff
   \   00001F   7900         MOV     R1,#0x0
   \   000021   12....       LCALL   ??HalUARTRead?relay
   \   000024   EA           MOV     A,R2
   \   000025   90....       MOV     DPTR,#SerialApp_TxLen
   \   000028   F0           MOVX    @DPTR,A
    561          
    562                 
    563                  
    564                  //协调器串口接收ESP的控制消息，转发给终端节点
    565                  if ( AF_DataRequest( &SampleApp_Periodic_DstAddr, &SampleApp_epDesc,
    566                                 SAMPLEAPP_PERIODIC_CLUSTERID,
    567                                 strlen(RxBuf),
                                               ^
Warning[Pe167]: argument of type "unsigned char *" is incompatible with
          parameter of type "char const *"
    568                                 RxBuf,
    569                                 &SampleApp_TransID,
    570                                 AF_DISCV_ROUTE,
    571                                 AF_DEFAULT_RADIUS ) == afStatus_SUCCESS )
   \   000029                ; Setup parameters for call to function AF_DataRequest
   \   000029   75..1E       MOV     ?V0 + 0,#0x1e
   \   00002C   78..         MOV     R0,#?V0 + 0
   \   00002E   12....       LCALL   ?PUSH_XSTACK_I_ONE
   \   000031   75....       MOV     ?V0 + 0,#SampleApp_TransID & 0xff
   \   000034   75....       MOV     ?V0 + 1,#(SampleApp_TransID >> 8) & 0xff
   \   000037   78..         MOV     R0,#?V0 + 0
   \   000039   12....       LCALL   ?PUSH_XSTACK_I_TWO
   \   00003C   75....       MOV     ?V0 + 0,#RxBuf & 0xff
   \   00003F   75....       MOV     ?V0 + 1,#(RxBuf >> 8) & 0xff
   \   000042   78..         MOV     R0,#?V0 + 0
   \   000044   12....       LCALL   ?PUSH_XSTACK_I_TWO
   \   000047                ; Setup parameters for call to function strlen
   \   000047   7A..         MOV     R2,#RxBuf & 0xff
   \   000049   7B..         MOV     R3,#(RxBuf >> 8) & 0xff
   \   00004B   12....       LCALL   ?Subroutine10 & 0xFFFF
   \                     ??CrossCallReturnLabel_22:
   \   00004E   12....       LCALL   ?PUSH_XSTACK_I_TWO
   \   000051   75..01       MOV     ?V0 + 0,#0x1
   \   000054   75..00       MOV     ?V0 + 1,#0x0
   \   000057   78..         MOV     R0,#?V0 + 0
   \   000059   12....       LCALL   ?PUSH_XSTACK_I_TWO
   \   00005C   7920         MOV     R1,#0x20
   \   00005E   7C..         MOV     R4,#SampleApp_epDesc & 0xff
   \   000060   7D..         MOV     R5,#(SampleApp_epDesc >> 8) & 0xff
   \   000062   7A..         MOV     R2,#SampleApp_Periodic_DstAddr & 0xff
   \   000064   7B..         MOV     R3,#(SampleApp_Periodic_DstAddr >> 8) & 0xff
   \   000066   12....       LCALL   ??AF_DataRequest?relay
   \   000069   7409         MOV     A,#0x9
   \   00006B   12....       LCALL   ?DEALLOC_XSTACK8
    572                  {
    573                  }
    574                  else
    575                  {
    576                      // Error occurred in request to send.
    577                  }
    578                  
    579                SerialApp_TxLen=0;
   \   00006E   90....       MOV     DPTR,#SerialApp_TxLen
   \   000071   E4           CLR     A
   \   000072   F0           MOVX    @DPTR,A
    580              }
    581          }
   \                     ??rxCB_0:
   \   000073   02....       LJMP    ?Subroutine1 & 0xFFFF
    582          

   \                                 In  segment BANKED_CODE, align 1, keep-with-next
    583          void Delay_ustt(uint8 Time) //us延时
   \                     Delay_ustt:
    584          {
   \   000000   74F7         MOV     A,#-0x9
   \   000002   12....       LCALL   ?BANKED_ENTER_XDATA
   \   000005                ; Saved register size: 9
   \   000005                ; Auto size: 0
   \   000005   E9           MOV     A,R1
   \   000006   FF           MOV     R7,A
    585              unsigned char i;
    586              for(i=0;i<Time;i++)
   \   000007   7E00         MOV     R6,#0x0
   \   000009   8008         SJMP    ??Delay_ustt_0
    587              {
    588                  MicroWait(1);    //协议栈自带延时 1us 
   \                     ??Delay_ustt_1:
   \   00000B                ; Setup parameters for call to function Onboard_wait
   \   00000B   7A01         MOV     R2,#0x1
   \   00000D   7B00         MOV     R3,#0x0
   \   00000F   12....       LCALL   ??Onboard_wait?relay
    589              }
   \   000012   0E           INC     R6
   \                     ??Delay_ustt_0:
   \   000013   EE           MOV     A,R6
   \   000014   C3           CLR     C
   \   000015   9F           SUBB    A,R7
   \   000016   40F3         JC      ??Delay_ustt_1
    590          }
   \   000018   02....       LJMP    ?Subroutine0 & 0xFFFF
    591          
    592          //电器控制

   \                                 In  segment BANKED_CODE, align 1, keep-with-next
    593          void DeviceControlManager(unsigned char* buff,int length)
   \                     DeviceControlManager:
    594          {
   \   000000   74F6         MOV     A,#-0xa
   \   000002   12....       LCALL   ?BANKED_ENTER_XDATA
   \   000005                ; Saved register size: 10
   \   000005                ; Auto size: 0
   \   000005   EA           MOV     A,R2
   \   000006   FE           MOV     R6,A
   \   000007   EB           MOV     A,R3
   \   000008   FF           MOV     R7,A
    595            
    596            if(strstr(buff,"eep_open")!=NULL){
                             ^
Warning[Pe167]: argument of type "unsigned char *" is incompatible with
          parameter of type "char const *"
   \   000009                ; Setup parameters for call to function strstr
   \   000009   7C..         MOV     R4,#`?<Constant "eep_open">` & 0xff
   \   00000B   7D..         MOV     R5,#(`?<Constant "eep_open">` >> 8) & 0xff
   \   00000D   12....       LCALL   ??Subroutine13_0 & 0xFFFF
   \                     ??CrossCallReturnLabel_32:
   \   000010   6007         JZ      ??DeviceControlManager_0
    597                  controlBeep(BEEP_ON);
   \   000012                ; Setup parameters for call to function controlBeep
   \   000012   7900         MOV     R1,#0x0
   \                     ??DeviceControlManager_1:
   \   000014   12....       LCALL   ??controlBeep?relay
   \   000017   8049         SJMP    ??DeviceControlManager_2
    598            }else if(strstr(buff,"eep_close")!=NULL){
                                   ^
Warning[Pe167]: argument of type "unsigned char *" is incompatible with
          parameter of type "char const *"
   \                     ??DeviceControlManager_0:
   \   000019                ; Setup parameters for call to function strstr
   \   000019   7C..         MOV     R4,#`?<Constant "eep_close">` & 0xff
   \   00001B   7D..         MOV     R5,#(`?<Constant "eep_close">` >> 8) & 0xff
   \   00001D   12....       LCALL   ?Subroutine8 & 0xFFFF
   \                     ??CrossCallReturnLabel_27:
   \   000020   6004         JZ      ??DeviceControlManager_3
    599                  controlBeep(BEEP_OFF);
   \   000022                ; Setup parameters for call to function controlBeep
   \   000022   7901         MOV     R1,#0x1
   \   000024   80EE         SJMP    ??DeviceControlManager_1
    600            }else if(strstr(buff,"elay_open")!=NULL){
                                   ^
Warning[Pe167]: argument of type "unsigned char *" is incompatible with
          parameter of type "char const *"
   \                     ??DeviceControlManager_3:
   \   000026                ; Setup parameters for call to function strstr
   \   000026   7C..         MOV     R4,#`?<Constant "elay_open">` & 0xff
   \   000028   7D..         MOV     R5,#(`?<Constant "elay_open">` >> 8) & 0xff
   \   00002A   12....       LCALL   ?Subroutine8 & 0xFFFF
   \                     ??CrossCallReturnLabel_28:
   \   00002D   6007         JZ      ??DeviceControlManager_4
    601                  controlRelay(RELAY_ON);
   \   00002F                ; Setup parameters for call to function controlRelay
   \   00002F   7900         MOV     R1,#0x0
   \                     ??DeviceControlManager_5:
   \   000031   12....       LCALL   ??controlRelay?relay
   \   000034   802C         SJMP    ??DeviceControlManager_2
    602            }else if(strstr(buff,"elay_close")!=NULL){
                                   ^
Warning[Pe167]: argument of type "unsigned char *" is incompatible with
          parameter of type "char const *"
   \                     ??DeviceControlManager_4:
   \   000036                ; Setup parameters for call to function strstr
   \   000036   7C..         MOV     R4,#`?<Constant "elay_close">` & 0xff
   \   000038   7D..         MOV     R5,#(`?<Constant "elay_close">` >> 8) & 0xff
   \   00003A   12....       LCALL   ?Subroutine8 & 0xFFFF
   \                     ??CrossCallReturnLabel_29:
   \   00003D   6004         JZ      ??DeviceControlManager_6
    603                  controlRelay(RELAY_OFF);
   \   00003F                ; Setup parameters for call to function controlRelay
   \   00003F   7901         MOV     R1,#0x1
   \   000041   80EE         SJMP    ??DeviceControlManager_5
    604            }else if(strstr(buff,"c_open")!=NULL){
                                   ^
Warning[Pe167]: argument of type "unsigned char *" is incompatible with
          parameter of type "char const *"
   \                     ??DeviceControlManager_6:
   \   000043                ; Setup parameters for call to function strstr
   \   000043   7C..         MOV     R4,#`?<Constant "c_open">` & 0xff
   \   000045   7D..         MOV     R5,#(`?<Constant "c_open">` >> 8) & 0xff
   \   000047   12....       LCALL   ?Subroutine8 & 0xFFFF
   \                     ??CrossCallReturnLabel_30:
   \   00004A   6006         JZ      ??DeviceControlManager_7
    605                  ControlDCMotor(0,0);
   \   00004C                ; Setup parameters for call to function ControlDCMotor
   \   00004C   7A00         MOV     R2,#0x0
   \   00004E   7900         MOV     R1,#0x0
   \   000050   800D         SJMP    ??DeviceControlManager_8
    606            }else if(strstr(buff,"c_close")!=NULL){
                                   ^
Warning[Pe167]: argument of type "unsigned char *" is incompatible with
          parameter of type "char const *"
   \                     ??DeviceControlManager_7:
   \   000052                ; Setup parameters for call to function strstr
   \   000052   7C..         MOV     R4,#`?<Constant "c_close">` & 0xff
   \   000054   7D..         MOV     R5,#(`?<Constant "c_close">` >> 8) & 0xff
   \   000056   12....       LCALL   ?Subroutine8 & 0xFFFF
   \                     ??CrossCallReturnLabel_31:
   \   000059   6007         JZ      ??DeviceControlManager_2
    607                  ControlDCMotor(1,1);
   \   00005B                ; Setup parameters for call to function ControlDCMotor
   \   00005B   7A01         MOV     R2,#0x1
   \   00005D   7901         MOV     R1,#0x1
   \                     ??DeviceControlManager_8:
   \   00005F   12....       LCALL   ??ControlDCMotor?relay
    608            }
    609          }
   \                     ??DeviceControlManager_2:
   \   000062   02....       LJMP    ?Subroutine1 & 0xFFFF

   \                                 In  segment BANKED_CODE, align 1, keep-with-next
   \                     ?Subroutine8:
   \   000000   EE           MOV     A,R6
   \   000001   FA           MOV     R2,A
   \   000002   EF           MOV     A,R7
   \   000003   FB           MOV     R3,A
   \   000004                REQUIRE ??Subroutine13_0
   \   000004                ; // Fall through to label ??Subroutine13_0

   \                                 In  segment BANKED_CODE, align 1, keep-with-next
   \                     ??Subroutine13_0:
   \   000000   12....       LCALL   ??strstr?relay
   \   000003   8B..         MOV     ?V0 + 1,R3
   \   000005   EA           MOV     A,R2
   \   000006   45..         ORL     A,?V0 + 1
   \   000008   22           RET

   \                                 In  segment BANK_RELAYS, align 1
   \                     ??SampleApp_Init?relay:
   \   000000   12....       LCALL   ?BDISPATCH
   \   000003   ......       DC24    SampleApp_Init

   \                                 In  segment BANK_RELAYS, align 1
   \                     ??SampleApp_ProcessEvent?relay:
   \   000000   12....       LCALL   ?BDISPATCH
   \   000003   ......       DC24    SampleApp_ProcessEvent

   \                                 In  segment BANK_RELAYS, align 1
   \                     ??SampleApp_HandleKeys?relay:
   \   000000   12....       LCALL   ?BDISPATCH
   \   000003   ......       DC24    SampleApp_HandleKeys

   \                                 In  segment BANK_RELAYS, align 1
   \                     ??SampleApp_MessageMSGCB?relay:
   \   000000   12....       LCALL   ?BDISPATCH
   \   000003   ......       DC24    SampleApp_MessageMSGCB

   \                                 In  segment BANK_RELAYS, align 1
   \                     ??SampleApp_SendPeriodicMessage?relay:
   \   000000   12....       LCALL   ?BDISPATCH
   \   000003   ......       DC24    SampleApp_SendPeriodicMessage

   \                                 In  segment BANK_RELAYS, align 1
   \                     ??SampleApp_SendFlashMessage?relay:
   \   000000   12....       LCALL   ?BDISPATCH
   \   000003   ......       DC24    SampleApp_SendFlashMessage

   \                                 In  segment BANK_RELAYS, align 1
   \                     ??delay1s?relay:
   \   000000   12....       LCALL   ?BDISPATCH
   \   000003   ......       DC24    delay1s

   \                                 In  segment BANK_RELAYS, align 1
   \                     ??rxCB?relay:
   \   000000   12....       LCALL   ?BDISPATCH
   \   000003   ......       DC24    rxCB

   \                                 In  segment BANK_RELAYS, align 1
   \                     ??Delay_ustt?relay:
   \   000000   12....       LCALL   ?BDISPATCH
   \   000003   ......       DC24    Delay_ustt

   \                                 In  segment BANK_RELAYS, align 1
   \                     ??DeviceControlManager?relay:
   \   000000   12....       LCALL   ?BDISPATCH
   \   000003   ......       DC24    DeviceControlManager

   \                                 In  segment XDATA_ROM_C, align 1
   \                     `?<Constant "UartIni04 RR\\n">`:
   \   000000   55617274     DB "UartIni04 RR\012"
   \            496E6930
   \            34205252
   \            0A00    

   \                                 In  segment XDATA_ROM_C, align 1
   \                     `?<Constant "eep_open">`:
   \   000000   6565705F     DB "eep_open"
   \            6F70656E
   \            00      

   \                                 In  segment XDATA_ROM_C, align 1
   \                     `?<Constant "eep_close">`:
   \   000000   6565705F     DB "eep_close"
   \            636C6F73
   \            6500    

   \                                 In  segment XDATA_ROM_C, align 1
   \                     `?<Constant "elay_open">`:
   \   000000   656C6179     DB "elay_open"
   \            5F6F7065
   \            6E00    

   \                                 In  segment XDATA_ROM_C, align 1
   \                     `?<Constant "elay_close">`:
   \   000000   656C6179     DB "elay_close"
   \            5F636C6F
   \            736500  

   \                                 In  segment XDATA_ROM_C, align 1
   \                     `?<Constant "c_open">`:
   \   000000   635F6F70     DB "c_open"
   \            656E00  

   \                                 In  segment XDATA_ROM_C, align 1
   \                     `?<Constant "c_close">`:
   \   000000   635F636C     DB "c_close"
   \            6F736500
    610          
    611          /*********************************************************************
    612          *********************************************************************/

   Maximum stack usage in bytes:

     Function                       ISTACK PSTACK XSTACK
     --------                       ------ ------ ------
     Delay_ustt                         0      0      9
       -> Onboard_wait                  0      0     18
     DeviceControlManager               0      0     20
       -> strstr                        0      0     20
       -> controlBeep                   0      0     20
       -> strstr                        0      0     20
       -> controlBeep                   0      0     20
       -> strstr                        0      0     20
       -> controlRelay                  0      0     20
       -> strstr                        0      0     20
       -> controlRelay                  0      0     20
       -> strstr                        0      0     20
       -> ControlDCMotor                0      0     20
       -> strstr                        0      0     20
       -> ControlDCMotor                0      0     20
     SampleApp_HandleKeys               0      0     22
       -> SampleApp_SendFlashMessage
                                        0      0     20
       -> aps_FindGroup                 0      0     20
       -> aps_RemoveGroup               0      0     20
       -> aps_AddGroup                  0      0     20
     SampleApp_Init                     0      0     38
       -> HalUARTOpen                   0      0     76
       -> HalUARTWrite                  0      0     76
       -> afRegister                    0      0     76
       -> RegisterForKeys               0      0     76
     SampleApp_MessageMSGCB             0      0     22
       -> DeviceControlManager          0      0     20
       -> HalUARTWrite                  0      0     20
     SampleApp_ProcessEvent             0      0     12
       -> osal_msg_receive              0      0     24
       -> osal_start_timerEx            0      0     24
       -> osal_msg_deallocate           0      0     24
       -> osal_msg_receive              0      0     24
       -> SampleApp_HandleKeys          0      0     24
       -> SampleApp_MessageMSGCB        0      0     24
       -> SampleApp_SendFlashMessage
                                        0      0     24
       -> osal_rand                     0      0     24
       -> osal_start_timerEx            0      0     24
     SampleApp_SendFlashMessage         1      0     45
       -> getDHT11                      0      0     48
       -> getMQ_2                       0      0     48
       -> getLightSensor                0      0     48
       -> strlen                        0      0     58
       -> AF_DataRequest                0      0     66
     SampleApp_SendPeriodicMessage      0      0      0
     delay1s                            0      0      0
     rxCB                               0      0     19
       -> Hal_UART_RxBufLen             0      0     20
       -> HalUARTRead                   0      0     20
       -> strlen                        0      0     30
       -> AF_DataRequest                0      0     38


   Segment part sizes:

     Function/Label                        Bytes
     --------------                        -----
     SampleApp_ClusterList                    4
     SampleApp_SimpleDesc                    12
     SampleApp_epDesc                         6
     SampleApp_TaskID                         1
     SampleApp_NwkState                       1
     SampleApp_TransID                        1
     SampleApp_Periodic_DstAddr              12
     SampleApp_Flash_DstAddr                 12
     SampleApp_Group                         18
     SampleAppPeriodicCounter                 1
     SampleAppFlashCounter                    1
     RxBuf                                  101
     recData                                  1
     SerialApp_TxLen                          1
     httpCon1                                 2
     httpsend                                 2
     SampleApp_Init                         208
     ?Subroutine0                             5
     ?Subroutine4                             8
     SampleApp_ProcessEvent                 195
     SampleApp_HandleKeys                    62
     ?Subroutine1                             5
     SampleApp_MessageMSGCB                  53
     ?Subroutine2                            31
     SampleApp_SendPeriodicMessage            3
     SampleApp_SendFlashMessage             319
     ?Subroutine9                             8
     ?Subroutine7                             4
     ?Subroutine12                            9
     ?Subroutine6                            10
     ?Subroutine5                             4
     ?Subroutine11                            7
     ?Subroutine3                             7
     ?Subroutine10                           10
     delay1s                                 13
     rxCB                                   118
     Delay_ustt                              27
     DeviceControlManager                   101
     ?Subroutine8                             4
     ??Subroutine13_0                         9
     ??SampleApp_Init?relay                   6
     ??SampleApp_ProcessEvent?relay           6
     ??SampleApp_HandleKeys?relay             6
     ??SampleApp_MessageMSGCB?relay           6
     ??SampleApp_SendPeriodicMessage?relay    6
     ??SampleApp_SendFlashMessage?relay       6
     ??delay1s?relay                          6
     ??rxCB?relay                             6
     ??Delay_ustt?relay                       6
     ??DeviceControlManager?relay             6
     ?<Constant "UartIni04 RR\n">            14
     ?<Constant "eep_open">                   9
     ?<Constant "eep_close">                 10
     ?<Constant "elay_open">                 10
     ?<Constant "elay_close">                11
     ?<Constant "c_open">                     7
     ?<Constant "c_close">                    8

 
 1 220 bytes in segment BANKED_CODE
    60 bytes in segment BANK_RELAYS
    85 bytes in segment XDATA_ROM_C
   160 bytes in segment XDATA_Z
 
 1 280 bytes of CODE  memory
    85 bytes of CONST memory
   160 bytes of XDATA memory

Errors: none
Warnings: 10
